#
# There is insufficient memory for the Java Runtime Environment to continue.
# Native memory allocation (mmap) failed to map 1398800384 bytes for G1 virtual space
# Possible reasons:
#   The system is out of physical RAM or swap space
#   The process is running with CompressedOops enabled, and the Java Heap may be blocking the growth of the native heap
# Possible solutions:
#   Reduce memory load on the system
#   Increase physical memory or swap space
#   Check if swap backing store is full
#   Decrease Java heap size (-Xmx/-Xms)
#   Decrease number of Java threads
#   Decrease Java thread stack sizes (-Xss)
#   Set larger code cache with -XX:ReservedCodeCacheSize=
#   JVM is running with Zero Based Compressed Oops mode in which the Java heap is
#     placed in the first 32GB address space. The Java Heap base address is the
#     maximum limit for the native heap growth. Please use -XX:HeapBaseMinAddress
#     to set the Java Heap base and to place the Java Heap above 32GB virtual address.
# This output file may be truncated or incomplete.
#
#  Out of Memory Error (os_windows.cpp:3548), pid=3368, tid=3960
#
# JRE version: Java(TM) SE Runtime Environment (17.0.11+7) (build 17.0.11+7-LTS-207)
# Java VM: Java HotSpot(TM) 64-Bit Server VM (17.0.11+7-LTS-207, mixed mode, sharing, tiered, compressed oops, compressed class ptrs, g1 gc, windows-amd64)
# No core dump will be written. Minidumps are not enabled by default on client versions of Windows
#

---------------  S U M M A R Y ------------

Command Line: -agentlib:jdwp=transport=dt_socket,server=n,suspend=y,address=localhost:55377 -XX:+ShowCodeDetailsInExceptionMessages com.unig4telco.grecio.diogo.Backend.BackendApplication

Host: 11th Gen Intel(R) Core(TM) i7-1165G7 @ 2.80GHz, 8 cores, 15G,  Windows 11 , 64 bit Build 22621 (10.0.22621.3672)
Time: Sun Sep  1 03:58:43 2024 Hora padrão África Centro Oeste elapsed time: 9328.897898 seconds (0d 2h 35m 28s)

---------------  T H R E A D  ---------------

Current thread (0x0000023922f43890):  VMThread "VM Thread" [stack: 0x0000008115200000,0x0000008115300000] [id=3960]

Stack: [0x0000008115200000,0x0000008115300000]
Native frames: (J=compiled Java code, j=interpreted, Vv=VM code, C=native code)
V  [jvm.dll+0x679cca]
V  [jvm.dll+0x7da13d]
V  [jvm.dll+0x7dba83]
V  [jvm.dll+0x7dc0f3]
V  [jvm.dll+0x2449af]
V  [jvm.dll+0x676ce9]
V  [jvm.dll+0x66b852]
V  [jvm.dll+0x3018d6]
V  [jvm.dll+0x308e76]
V  [jvm.dll+0x3596ee]
V  [jvm.dll+0x35991f]
V  [jvm.dll+0x2d89a8]
V  [jvm.dll+0x2d6ddd]
V  [jvm.dll+0x2d642c]
V  [jvm.dll+0x319f8b]
V  [jvm.dll+0x7e09eb]
V  [jvm.dll+0x7e1724]
V  [jvm.dll+0x7e1c3d]
V  [jvm.dll+0x7e2014]
V  [jvm.dll+0x7e20e0]
V  [jvm.dll+0x78a85a]
V  [jvm.dll+0x678bb5]
C  [ucrtbase.dll+0x29333]
C  [KERNEL32.DLL+0x1257d]
C  [ntdll.dll+0x5af28]

VM_Operation (0x0000008117efe890): G1CollectForAllocation, mode: safepoint, requested by thread 0x0000023969f85600


---------------  P R O C E S S  ---------------

Threads class SMR info:
_java_thread_list=0x0000023972e11ce0, length=79, elements={
0x0000023922f4a790, 0x0000023922f4b350, 0x0000023922f5e0a0, 0x0000023968120080,
0x0000023968122960, 0x0000023968125430, 0x00000239681270f0, 0x0000023968127ab0,
0x00000239681283c0, 0x0000023968293f10, 0x00000239682b61d0, 0x00000239682b70d0,
0x00000239682b9ae0, 0x00000239682c23e0, 0x0000023969212930, 0x000002396f383370,
0x000002396f3805e0, 0x000002396e5b6fb0, 0x000002396e5b8900, 0x000002396e5ba760,
0x000002396e5b4730, 0x000002396e5b9320, 0x000002396e5ba250, 0x000002396e5b4c40,
0x000002396e5b5150, 0x000002396f387030, 0x000002396c0e6ec0, 0x000002396f384cc0,
0x000002396f387540, 0x000002396c0e7df0, 0x0000023970959360, 0x000002397095a7a0,
0x000002397095b1c0, 0x0000023970957500, 0x0000023969f892c0, 0x0000023969f85600,
0x0000023969f86020, 0x0000023969f87e80, 0x0000023969f86530, 0x0000023969f89ce0,
0x0000023969f841c0, 0x0000023969f88db0, 0x0000023969f86f50, 0x000002396af9f280,
0x0000023969781080, 0x000002396f405a50, 0x000002396e5b79d0, 0x000002396f405540,
0x000002396af9f790, 0x000002396af9ed70, 0x000002396d0e89f0, 0x000002396d0ea340,
0x0000023970959d80, 0x0000023970338300, 0x000002396eea4ad0, 0x0000023970335060,
0x000002396eea5f10, 0x00000239735a3d30, 0x00000239720aacc0, 0x0000023968c51000,
0x00000239735a0fa0, 0x00000239735a14b0, 0x000002396d0e84e0, 0x000002396d26d290,
0x000002396d26ebe0, 0x000002396d26f0f0, 0x000002396d0e7ac0, 0x000002396d0e7fd0,
0x000002396d0e9e30, 0x000002396d0e8f00, 0x000002396d0e9410, 0x000002396d0ea850,
0x00000239720a9370, 0x00000239720a9d90, 0x000002396900bdc0, 0x000002396900a470,
0x000002396900ae90, 0x00000239735a4240, 0x00000239735a4750
}

Java Threads: ( => current thread )
  0x0000023922f4a790 JavaThread "Reference Handler" daemon [_thread_blocked, id=33224, stack(0x0000008115300000,0x0000008115400000)]
  0x0000023922f4b350 JavaThread "Finalizer" daemon [_thread_blocked, id=31096, stack(0x0000008115400000,0x0000008115500000)]
  0x0000023922f5e0a0 JavaThread "Signal Dispatcher" daemon [_thread_blocked, id=30212, stack(0x0000008115500000,0x0000008115600000)]
  0x0000023968120080 JavaThread "Attach Listener" daemon [_thread_blocked, id=25860, stack(0x0000008115600000,0x0000008115700000)]
  0x0000023968122960 JavaThread "Service Thread" daemon [_thread_blocked, id=21272, stack(0x0000008115700000,0x0000008115800000)]
  0x0000023968125430 JavaThread "Monitor Deflation Thread" daemon [_thread_blocked, id=21456, stack(0x0000008115800000,0x0000008115900000)]
  0x00000239681270f0 JavaThread "C2 CompilerThread0" daemon [_thread_blocked, id=33264, stack(0x0000008115900000,0x0000008115a00000)]
  0x0000023968127ab0 JavaThread "C1 CompilerThread0" daemon [_thread_blocked, id=17152, stack(0x0000008115a00000,0x0000008115b00000)]
  0x00000239681283c0 JavaThread "Sweeper thread" daemon [_thread_blocked, id=23220, stack(0x0000008115b00000,0x0000008115c00000)]
  0x0000023968293f10 JavaThread "JDWP Transport Listener: dt_socket" daemon [_thread_blocked, id=20972, stack(0x0000008115c00000,0x0000008115d00000)]
  0x00000239682b61d0 JavaThread "JDWP Event Helper Thread" daemon [_thread_blocked, id=3528, stack(0x0000008115d00000,0x0000008115e00000)]
  0x00000239682b70d0 JavaThread "JDWP Command Reader" daemon [_thread_in_native, id=15924, stack(0x0000008115e00000,0x0000008115f00000)]
  0x00000239682b9ae0 JavaThread "Notification Thread" daemon [_thread_blocked, id=31756, stack(0x0000008115f00000,0x0000008116000000)]
  0x00000239682c23e0 JavaThread "Common-Cleaner" daemon [_thread_blocked, id=22456, stack(0x0000008116100000,0x0000008116200000)]
  0x0000023969212930 JavaThread "mysql-cj-abandoned-connection-cleanup" daemon [_thread_blocked, id=9184, stack(0x0000008116e00000,0x0000008116f00000)]
  0x000002396f383370 JavaThread "Live Reload Server" daemon [_thread_in_native, id=11300, stack(0x0000008117600000,0x0000008117700000)]
  0x000002396f3805e0 JavaThread "DestroyJavaVM" [_thread_blocked, id=10172, stack(0x0000008114c00000,0x0000008114d00000)]
  0x000002396e5b6fb0 JavaThread "File Watcher" daemon [_thread_blocked, id=18072, stack(0x0000008116300000,0x0000008116400000)]
  0x000002396e5b8900 JavaThread "File Watcher" daemon [_thread_blocked, id=7620, stack(0x0000008116400000,0x0000008116500000)]
  0x000002396e5ba760 JavaThread "File Watcher" daemon [_thread_blocked, id=26448, stack(0x0000008114b00000,0x0000008114c00000)]
  0x000002396e5b4730 JavaThread "File Watcher" daemon [_thread_blocked, id=10384, stack(0x0000008116d00000,0x0000008116e00000)]
  0x000002396e5b9320 JavaThread "File Watcher" daemon [_thread_blocked, id=10192, stack(0x0000008114900000,0x0000008114a00000)]
  0x000002396e5ba250 JavaThread "File Watcher" daemon [_thread_blocked, id=4704, stack(0x0000008116f00000,0x0000008117000000)]
  0x000002396e5b4c40 JavaThread "File Watcher" daemon [_thread_blocked, id=20768, stack(0x0000008117200000,0x0000008117300000)]
  0x000002396e5b5150 JavaThread "File Watcher" daemon [_thread_blocked, id=33476, stack(0x0000008117300000,0x0000008117400000)]
  0x000002396f387030 JavaThread "File Watcher" daemon [_thread_blocked, id=33160, stack(0x0000008117400000,0x0000008117500000)]
  0x000002396c0e6ec0 JavaThread "File Watcher" daemon [_thread_blocked, id=17828, stack(0x0000008117500000,0x0000008117600000)]
  0x000002396f384cc0 JavaThread "File Watcher" daemon [_thread_blocked, id=32508, stack(0x0000008117700000,0x0000008117800000)]
  0x000002396f387540 JavaThread "File Watcher" daemon [_thread_blocked, id=23892, stack(0x0000008117900000,0x0000008117a00000)]
  0x000002396c0e7df0 JavaThread "File Watcher" daemon [_thread_blocked, id=23572, stack(0x0000008117800000,0x0000008117900000)]
  0x0000023970959360 JavaThread "File Watcher" daemon [_thread_blocked, id=26756, stack(0x0000008117100000,0x0000008117200000)]
  0x000002397095a7a0 JavaThread "File Watcher" daemon [_thread_blocked, id=16916, stack(0x0000008117b00000,0x0000008117c00000)]
  0x000002397095b1c0 JavaThread "File Watcher" daemon [_thread_blocked, id=14308, stack(0x0000008117a00000,0x0000008117b00000)]
  0x0000023970957500 JavaThread "File Watcher" daemon [_thread_blocked, id=9764, stack(0x0000008117c00000,0x0000008117d00000)]
  0x0000023969f892c0 JavaThread "File Watcher" daemon [_thread_blocked, id=13864, stack(0x0000008117000000,0x0000008117100000)]
  0x0000023969f85600 JavaThread "File Watcher" daemon [_thread_blocked, id=29212, stack(0x0000008117e00000,0x0000008117f00000)]
  0x0000023969f86020 JavaThread "File Watcher" daemon [_thread_blocked, id=32024, stack(0x0000008118100000,0x0000008118200000)]
  0x0000023969f87e80 JavaThread "File Watcher" daemon [_thread_blocked, id=28356, stack(0x0000008118000000,0x0000008118100000)]
  0x0000023969f86530 JavaThread "File Watcher" daemon [_thread_blocked, id=31528, stack(0x0000008118200000,0x0000008118300000)]
  0x0000023969f89ce0 JavaThread "File Watcher" daemon [_thread_blocked, id=26192, stack(0x0000008118300000,0x0000008118400000)]
  0x0000023969f841c0 JavaThread "File Watcher" daemon [_thread_blocked, id=2972, stack(0x0000008118400000,0x0000008118500000)]
  0x0000023969f88db0 JavaThread "File Watcher" daemon [_thread_blocked, id=1680, stack(0x0000008118500000,0x0000008118600000)]
  0x0000023969f86f50 JavaThread "File Watcher" daemon [_thread_blocked, id=23628, stack(0x0000008118600000,0x0000008118700000)]
  0x000002396af9f280 JavaThread "File Watcher" daemon [_thread_blocked, id=30856, stack(0x0000008117d00000,0x0000008117e00000)]
  0x0000023969781080 JavaThread "File Watcher" daemon [_thread_blocked, id=28572, stack(0x0000008118700000,0x0000008118800000)]
  0x000002396f405a50 JavaThread "File Watcher" daemon [_thread_blocked, id=11588, stack(0x0000008117f00000,0x0000008118000000)]
  0x000002396e5b79d0 JavaThread "File Watcher" daemon [_thread_blocked, id=16336, stack(0x0000008118900000,0x0000008118a00000)]
  0x000002396f405540 JavaThread "File Watcher" daemon [_thread_blocked, id=19560, stack(0x0000008118a00000,0x0000008118b00000)]
  0x000002396af9f790 JavaThread "File Watcher" daemon [_thread_blocked, id=27348, stack(0x0000008118b00000,0x0000008118c00000)]
  0x000002396af9ed70 JavaThread "File Watcher" daemon [_thread_blocked, id=26952, stack(0x0000008118c00000,0x0000008118d00000)]
  0x000002396d0e89f0 JavaThread "File Watcher" daemon [_thread_blocked, id=16580, stack(0x0000008118d00000,0x0000008118e00000)]
  0x000002396d0ea340 JavaThread "File Watcher" daemon [_thread_blocked, id=8188, stack(0x0000008118f00000,0x0000008119000000)]
  0x0000023970959d80 JavaThread "File Watcher" daemon [_thread_blocked, id=27508, stack(0x0000008118800000,0x0000008118900000)]
  0x0000023970338300 JavaThread "File Watcher" daemon [_thread_blocked, id=33492, stack(0x0000008119000000,0x0000008119100000)]
  0x000002396eea4ad0 JavaThread "File Watcher" daemon [_thread_blocked, id=12628, stack(0x0000008119100000,0x0000008119200000)]
  0x0000023970335060 JavaThread "File Watcher" daemon [_thread_blocked, id=26548, stack(0x0000008119200000,0x0000008119300000)]
  0x000002396eea5f10 JavaThread "File Watcher" daemon [_thread_blocked, id=20468, stack(0x0000008119300000,0x0000008119400000)]
  0x00000239735a3d30 JavaThread "File Watcher" daemon [_thread_blocked, id=1548, stack(0x0000008119400000,0x0000008119500000)]
  0x00000239720aacc0 JavaThread "File Watcher" daemon [_thread_blocked, id=16708, stack(0x0000008119500000,0x0000008119600000)]
  0x0000023968c51000 JavaThread "File Watcher" daemon [_thread_blocked, id=28472, stack(0x0000008119600000,0x0000008119700000)]
  0x00000239735a0fa0 JavaThread "File Watcher" daemon [_thread_blocked, id=31352, stack(0x0000008119800000,0x0000008119900000)]
  0x00000239735a14b0 JavaThread "File Watcher" daemon [_thread_blocked, id=12324, stack(0x0000008119900000,0x0000008119a00000)]
  0x000002396d0e84e0 JavaThread "HikariPool-202 housekeeper" daemon [_thread_blocked, id=15576, stack(0x0000008118e00000,0x0000008118f00000)]
  0x000002396d26d290 JavaThread "Catalina-utility-1" [_thread_blocked, id=1356, stack(0x0000008119b00000,0x0000008119c00000)]
  0x000002396d26ebe0 JavaThread "Catalina-utility-2" [_thread_blocked, id=1956, stack(0x0000008119c00000,0x0000008119d00000)]
  0x000002396d26f0f0 JavaThread "container-43" [_thread_blocked, id=19804, stack(0x0000008119d00000,0x0000008119e00000)]
  0x000002396d0e7ac0 JavaThread "File Watcher" daemon [_thread_blocked, id=18132, stack(0x0000008119e00000,0x0000008119f00000)]
  0x000002396d0e7fd0 JavaThread "http-nio-8080-exec-1" daemon [_thread_blocked, id=21352, stack(0x0000008119f00000,0x000000811a000000)]
  0x000002396d0e9e30 JavaThread "http-nio-8080-exec-2" daemon [_thread_blocked, id=23728, stack(0x000000811a000000,0x000000811a100000)]
  0x000002396d0e8f00 JavaThread "http-nio-8080-exec-3" daemon [_thread_blocked, id=28712, stack(0x000000811a100000,0x000000811a200000)]
  0x000002396d0e9410 JavaThread "http-nio-8080-exec-4" daemon [_thread_blocked, id=3212, stack(0x000000811a200000,0x000000811a300000)]
  0x000002396d0ea850 JavaThread "http-nio-8080-exec-5" daemon [_thread_blocked, id=28016, stack(0x000000811a300000,0x000000811a400000)]
  0x00000239720a9370 JavaThread "http-nio-8080-exec-6" daemon [_thread_blocked, id=25012, stack(0x000000811a400000,0x000000811a500000)]
  0x00000239720a9d90 JavaThread "http-nio-8080-exec-7" daemon [_thread_blocked, id=24032, stack(0x000000811a500000,0x000000811a600000)]
  0x000002396900bdc0 JavaThread "http-nio-8080-exec-8" daemon [_thread_blocked, id=21784, stack(0x000000811a600000,0x000000811a700000)]
  0x000002396900a470 JavaThread "http-nio-8080-exec-9" daemon [_thread_blocked, id=32632, stack(0x000000811a700000,0x000000811a800000)]
  0x000002396900ae90 JavaThread "http-nio-8080-exec-10" daemon [_thread_blocked, id=22884, stack(0x000000811a800000,0x000000811a900000)]
  0x00000239735a4240 JavaThread "http-nio-8080-Poller" daemon [_thread_in_native, id=9536, stack(0x000000811a900000,0x000000811aa00000)]
  0x00000239735a4750 JavaThread "http-nio-8080-Acceptor" daemon [_thread_in_native, id=13536, stack(0x000000811aa00000,0x000000811ab00000)]

Other Threads:
=>0x0000023922f43890 VMThread "VM Thread" [stack: 0x0000008115200000,0x0000008115300000] [id=3960]
  0x0000023922f4c1f0 WatcherThread [stack: 0x0000008116000000,0x0000008116100000] [id=6164]
  0x000002397fc916a0 GCTaskThread "GC Thread#0" [stack: 0x0000008114d00000,0x0000008114e00000] [id=17332]
  0x0000023968ff5190 GCTaskThread "GC Thread#1" [stack: 0x0000008116500000,0x0000008116600000] [id=32580]
  0x0000023968ff5450 GCTaskThread "GC Thread#2" [stack: 0x0000008116600000,0x0000008116700000] [id=30476]
  0x0000023968f40a90 GCTaskThread "GC Thread#3" [stack: 0x0000008116700000,0x0000008116800000] [id=7344]
  0x0000023968f40d50 GCTaskThread "GC Thread#4" [stack: 0x0000008116800000,0x0000008116900000] [id=8912]
  0x0000023968d7a230 GCTaskThread "GC Thread#5" [stack: 0x0000008116900000,0x0000008116a00000] [id=2760]
  0x0000023968d79cb0 GCTaskThread "GC Thread#6" [stack: 0x0000008116a00000,0x0000008116b00000] [id=32204]
  0x0000023968d7aa70 GCTaskThread "GC Thread#7" [stack: 0x0000008116c00000,0x0000008116d00000] [id=7184]
  0x000002397fca3080 ConcurrentGCThread "G1 Main Marker" [stack: 0x0000008114e00000,0x0000008114f00000] [id=28160]
  0x000002397fca3a90 ConcurrentGCThread "G1 Conc#0" [stack: 0x0000008114f00000,0x0000008115000000] [id=20428]
  0x0000023968d79470 ConcurrentGCThread "G1 Conc#1" [stack: 0x0000008116b00000,0x0000008116c00000] [id=14528]
  0x0000023922e00560 ConcurrentGCThread "G1 Refine#0" [stack: 0x0000008115000000,0x0000008115100000] [id=30264]
  0x0000023922e00da0 ConcurrentGCThread "G1 Service" [stack: 0x0000008115100000,0x0000008115200000] [id=14388]

Threads with active compile tasks:

VM state: at safepoint (normal execution)

VM Mutex/Monitor currently owned by a thread:  ([mutex/lock_event])
[0x000002397fc1b730] Threads_lock - owner thread: 0x0000023922f43890
[0x000002397fc1ae30] Heap_lock - owner thread: 0x0000023969f85600

Heap address: 0x0000000705800000, size: 4008 MB, Compressed Oops mode: Zero based, Oop shift amount: 3

CDS archive(s) mapped at: [0x0000023923000000-0x0000023923bd0000-0x0000023923bd0000), size 12386304, SharedBaseAddress: 0x0000023923000000, ArchiveRelocationMode: 1.
Compressed class space mapped at: 0x0000023924000000-0x0000023964000000, reserved size: 1073741824
Narrow klass base: 0x0000023923000000, Narrow klass shift: 0, Narrow klass range: 0x100000000

GC Precious Log:
 CPUs: 8 total, 8 available
 Memory: 16026M
 Large Page Support: Disabled
 NUMA Support: Disabled
 Compressed Oops: Enabled (Zero based)
 Heap Region Size: 2M
 Heap Min Capacity: 8M
 Heap Initial Capacity: 252M
 Heap Max Capacity: 4008M
 Pre-touch: Disabled
 Parallel Workers: 8
 Concurrent Workers: 2
 Concurrent Refinement Workers: 8
 Periodic GC: Disabled

Heap:
 garbage-first heap   total 690176K, used 221176K [0x0000000705800000, 0x0000000800000000)
  region size 2048K, 8 young (16384K), 8 survivors (16384K)
 Metaspace       used 565861K, committed 570240K, reserved 1572864K
  class space    used 51751K, committed 53696K, reserved 1048576K

Heap Regions: E=young(eden), S=young(survivor), O=old, HS=humongous(starts), HC=humongous(continues), CS=collection set, F=free, OA=open archive, CA=closed archive, TAMS=top-at-mark-start (previous, next)
|   0|0x0000000705800000, 0x0000000705a00000, 0x0000000705a00000|100%| O|  |TAMS 0x0000000705a00000, 0x0000000705800000| Untracked 
|   1|0x0000000705a00000, 0x0000000705bfffc0, 0x0000000705c00000| 99%| O|  |TAMS 0x0000000705bfffc0, 0x0000000705a00000| Untracked 
|   2|0x0000000705c00000, 0x0000000705dfffd0, 0x0000000705e00000| 99%| O|  |TAMS 0x0000000705dfffd0, 0x0000000705c00000| Untracked 
|   3|0x0000000705e00000, 0x0000000705fffff8, 0x0000000706000000| 99%| O|  |TAMS 0x0000000705fffff8, 0x0000000705e00000| Untracked 
|   4|0x0000000706000000, 0x00000007061fffe0, 0x0000000706200000| 99%| O|  |TAMS 0x00000007061fffe0, 0x0000000706000000| Untracked 
|   5|0x0000000706200000, 0x0000000706400000, 0x0000000706400000|100%| O|  |TAMS 0x0000000706400000, 0x0000000706200000| Untracked 
|   6|0x0000000706400000, 0x00000007065ffff8, 0x0000000706600000| 99%| O|  |TAMS 0x00000007065ffff8, 0x0000000706400000| Untracked 
|   7|0x0000000706600000, 0x00000007067ffff8, 0x0000000706800000| 99%| O|  |TAMS 0x00000007067ffff8, 0x0000000706600000| Untracked 
|   8|0x0000000706800000, 0x00000007069ffff0, 0x0000000706a00000| 99%| O|  |TAMS 0x00000007069ffff0, 0x0000000706800000| Untracked 
|   9|0x0000000706a00000, 0x0000000706bffff0, 0x0000000706c00000| 99%| O|  |TAMS 0x0000000706bffff0, 0x0000000706a00000| Untracked 
|  10|0x0000000706c00000, 0x0000000706e00000, 0x0000000706e00000|100%| O|  |TAMS 0x0000000706e00000, 0x0000000706c00000| Untracked 
|  11|0x0000000706e00000, 0x0000000706ffffa0, 0x0000000707000000| 99%| O|  |TAMS 0x0000000706ffffa0, 0x0000000706e00000| Untracked 
|  12|0x0000000707000000, 0x00000007071fffd8, 0x0000000707200000| 99%| O|  |TAMS 0x00000007071fffd8, 0x0000000707000000| Untracked 
|  13|0x0000000707200000, 0x00000007073ffff8, 0x0000000707400000| 99%| O|  |TAMS 0x00000007073ffff8, 0x0000000707200000| Untracked 
|  14|0x0000000707400000, 0x00000007075ffff8, 0x0000000707600000| 99%| O|  |TAMS 0x00000007075ffff8, 0x0000000707400000| Untracked 
|  15|0x0000000707600000, 0x00000007077fffb8, 0x0000000707800000| 99%| O|  |TAMS 0x00000007077fffb8, 0x0000000707600000| Untracked 
|  16|0x0000000707800000, 0x0000000707a00000, 0x0000000707a00000|100%| O|  |TAMS 0x0000000707a00000, 0x0000000707800000| Untracked 
|  17|0x0000000707a00000, 0x0000000707bfffb0, 0x0000000707c00000| 99%| O|  |TAMS 0x0000000707bfffb0, 0x0000000707a00000| Untracked 
|  18|0x0000000707c00000, 0x0000000707dfffe8, 0x0000000707e00000| 99%| O|  |TAMS 0x0000000707dfffe8, 0x0000000707c00000| Untracked 
|  19|0x0000000707e00000, 0x0000000707fffff0, 0x0000000708000000| 99%| O|  |TAMS 0x0000000707fffff0, 0x0000000707e00000| Untracked 
|  20|0x0000000708000000, 0x00000007081ffff8, 0x0000000708200000| 99%| O|  |TAMS 0x00000007081ffff8, 0x0000000708000000| Untracked 
|  21|0x0000000708200000, 0x00000007083fffd0, 0x0000000708400000| 99%| O|  |TAMS 0x00000007083fffd0, 0x0000000708200000| Untracked 
|  22|0x0000000708400000, 0x00000007085fffe8, 0x0000000708600000| 99%| O|  |TAMS 0x00000007085fffe8, 0x0000000708400000| Untracked 
|  23|0x0000000708600000, 0x00000007087ffff8, 0x0000000708800000| 99%| O|  |TAMS 0x00000007087ffff8, 0x0000000708600000| Untracked 
|  24|0x0000000708800000, 0x00000007089ff760, 0x0000000708a00000| 99%| O|  |TAMS 0x00000007089ff760, 0x0000000708800000| Untracked 
|  25|0x0000000708a00000, 0x0000000708bfffc0, 0x0000000708c00000| 99%| O|  |TAMS 0x0000000708a00000, 0x0000000708a00000| Untracked 
|  26|0x0000000708c00000, 0x0000000708dffff8, 0x0000000708e00000| 99%| O|  |TAMS 0x0000000708dffff8, 0x0000000708c00000| Untracked 
|  27|0x0000000708e00000, 0x0000000708fffff8, 0x0000000709000000| 99%| O|  |TAMS 0x0000000708e00000, 0x0000000708e00000| Untracked 
|  28|0x0000000709000000, 0x00000007091fffc0, 0x0000000709200000| 99%| O|  |TAMS 0x00000007091fffc0, 0x0000000709000000| Untracked 
|  29|0x0000000709200000, 0x00000007093fffc0, 0x0000000709400000| 99%| O|  |TAMS 0x0000000709200000, 0x0000000709200000| Untracked 
|  30|0x0000000709400000, 0x00000007095ffff0, 0x0000000709600000| 99%| O|  |TAMS 0x00000007095ffff0, 0x0000000709400000| Untracked 
|  31|0x0000000709600000, 0x00000007097ffff0, 0x0000000709800000| 99%| O|  |TAMS 0x0000000709600000, 0x0000000709600000| Untracked 
|  32|0x0000000709800000, 0x0000000709a00000, 0x0000000709a00000|100%| O|  |TAMS 0x0000000709800000, 0x0000000709800000| Untracked 
|  33|0x0000000709a00000, 0x0000000709bffff0, 0x0000000709c00000| 99%| O|  |TAMS 0x0000000709a00000, 0x0000000709a00000| Untracked 
|  34|0x0000000709c00000, 0x0000000709dffff0, 0x0000000709e00000| 99%| O|  |TAMS 0x0000000709c00000, 0x0000000709c00000| Untracked 
|  35|0x0000000709e00000, 0x000000070a000000, 0x000000070a000000|100%| O|  |TAMS 0x000000070a000000, 0x0000000709e00000| Untracked 
|  36|0x000000070a000000, 0x000000070a1ffff8, 0x000000070a200000| 99%| O|  |TAMS 0x000000070a1ffff8, 0x000000070a000000| Untracked 
|  37|0x000000070a200000, 0x000000070a3fffb0, 0x000000070a400000| 99%| O|  |TAMS 0x000000070a3fffb0, 0x000000070a200000| Untracked 
|  38|0x000000070a400000, 0x000000070a600000, 0x000000070a600000|100%| O|  |TAMS 0x000000070a600000, 0x000000070a400000| Untracked 
|  39|0x000000070a600000, 0x000000070a7fffe0, 0x000000070a800000| 99%| O|  |TAMS 0x000000070a7fffe0, 0x000000070a600000| Untracked 
|  40|0x000000070a800000, 0x000000070a9fffa0, 0x000000070aa00000| 99%| O|  |TAMS 0x000000070a9fffa0, 0x000000070a800000| Untracked 
|  41|0x000000070aa00000, 0x000000070abfffb8, 0x000000070ac00000| 99%| O|  |TAMS 0x000000070abfffb8, 0x000000070aa00000| Untracked 
|  42|0x000000070ac00000, 0x000000070adffff8, 0x000000070ae00000| 99%| O|  |TAMS 0x000000070adffff8, 0x000000070ac00000| Untracked 
|  43|0x000000070ae00000, 0x000000070afffef8, 0x000000070b000000| 99%| O|  |TAMS 0x000000070afffef8, 0x000000070ae00000| Untracked 
|  44|0x000000070b000000, 0x000000070b200000, 0x000000070b200000|100%| O|  |TAMS 0x000000070b200000, 0x000000070b000000| Untracked 
|  45|0x000000070b200000, 0x000000070b3fff98, 0x000000070b400000| 99%| O|  |TAMS 0x000000070b3fff98, 0x000000070b200000| Untracked 
|  46|0x000000070b400000, 0x000000070b5ffff8, 0x000000070b600000| 99%| O|  |TAMS 0x000000070b5ffff8, 0x000000070b400000| Untracked 
|  47|0x000000070b600000, 0x000000070b7fffe8, 0x000000070b800000| 99%| O|  |TAMS 0x000000070b7fffe8, 0x000000070b600000| Untracked 
|  48|0x000000070b800000, 0x000000070b9ffff8, 0x000000070ba00000| 99%| O|  |TAMS 0x000000070b9ffff8, 0x000000070b800000| Untracked 
|  49|0x000000070ba00000, 0x000000070bbfffe8, 0x000000070bc00000| 99%| O|  |TAMS 0x000000070bbfffe8, 0x000000070ba00000| Untracked 
|  50|0x000000070bc00000, 0x000000070bdfffe0, 0x000000070be00000| 99%| O|  |TAMS 0x000000070bdfffe0, 0x000000070bc00000| Untracked 
|  51|0x000000070be00000, 0x000000070bffffd8, 0x000000070c000000| 99%| O|  |TAMS 0x000000070bffffd8, 0x000000070be00000| Untracked 
|  52|0x000000070c000000, 0x000000070c1fffe8, 0x000000070c200000| 99%| O|  |TAMS 0x000000070c1fffe8, 0x000000070c000000| Untracked 
|  53|0x000000070c200000, 0x000000070c3ffc70, 0x000000070c400000| 99%| O|  |TAMS 0x000000070c3ffc70, 0x000000070c200000| Untracked 
|  54|0x000000070c400000, 0x000000070c5fffe8, 0x000000070c600000| 99%| O|  |TAMS 0x000000070c5fffe8, 0x000000070c400000| Untracked 
|  55|0x000000070c600000, 0x000000070c7fffe8, 0x000000070c800000| 99%| O|  |TAMS 0x000000070c7fffe8, 0x000000070c600000| Untracked 
|  56|0x000000070c800000, 0x000000070c9fffe8, 0x000000070ca00000| 99%| O|  |TAMS 0x000000070c9fffe8, 0x000000070c800000| Untracked 
|  57|0x000000070ca00000, 0x000000070cbfffc8, 0x000000070cc00000| 99%| O|  |TAMS 0x000000070cbfffc8, 0x000000070ca00000| Untracked 
|  58|0x000000070cc00000, 0x000000070cd7e4d8, 0x000000070ce00000| 74%| O|  |TAMS 0x000000070cc00000, 0x000000070cc00000| Untracked 
|  59|0x000000070ce00000, 0x000000070d000000, 0x000000070d000000|100%| O|  |TAMS 0x000000070d000000, 0x000000070ce00000| Untracked 
|  60|0x000000070d000000, 0x000000070d1fffc0, 0x000000070d200000| 99%| O|  |TAMS 0x000000070d1fffc0, 0x000000070d000000| Untracked 
|  61|0x000000070d200000, 0x000000070d3ffff0, 0x000000070d400000| 99%| O|  |TAMS 0x000000070d200000, 0x000000070d200000| Untracked 
|  62|0x000000070d400000, 0x000000070d5fff88, 0x000000070d600000| 99%| O|  |TAMS 0x000000070d5fff88, 0x000000070d400000| Untracked 
|  63|0x000000070d600000, 0x000000070d7fffd0, 0x000000070d800000| 99%| O|  |TAMS 0x000000070d7fffd0, 0x000000070d600000| Untracked 
|  64|0x000000070d800000, 0x000000070d9fffe8, 0x000000070da00000| 99%| O|  |TAMS 0x000000070d9fffe8, 0x000000070d800000| Untracked 
|  65|0x000000070da00000, 0x000000070dbfffd8, 0x000000070dc00000| 99%| O|  |TAMS 0x000000070dbfffd8, 0x000000070da00000| Untracked 
|  66|0x000000070dc00000, 0x000000070ddfffe8, 0x000000070de00000| 99%| O|  |TAMS 0x000000070ddfffe8, 0x000000070dc00000| Untracked 
|  67|0x000000070de00000, 0x000000070e000000, 0x000000070e000000|100%| O|  |TAMS 0x000000070e000000, 0x000000070de00000| Untracked 
|  68|0x000000070e000000, 0x000000070e1fffd8, 0x000000070e200000| 99%| O|  |TAMS 0x000000070e1fffd8, 0x000000070e000000| Untracked 
|  69|0x000000070e200000, 0x000000070e400000, 0x000000070e400000|100%| O|  |TAMS 0x000000070e400000, 0x000000070e200000| Untracked 
|  70|0x000000070e400000, 0x000000070e5ffff0, 0x000000070e600000| 99%| O|  |TAMS 0x000000070e5ffff0, 0x000000070e400000| Untracked 
|  71|0x000000070e600000, 0x000000070e7fffb0, 0x000000070e800000| 99%| O|  |TAMS 0x000000070e7fffb0, 0x000000070e600000| Untracked 
|  72|0x000000070e800000, 0x000000070e9fffd8, 0x000000070ea00000| 99%| O|  |TAMS 0x000000070e9fffd8, 0x000000070e800000| Untracked 
|  73|0x000000070ea00000, 0x000000070ebfffb8, 0x000000070ec00000| 99%| O|  |TAMS 0x000000070ebfffb8, 0x000000070ea00000| Untracked 
|  74|0x000000070ec00000, 0x000000070edfffe8, 0x000000070ee00000| 99%| O|  |TAMS 0x000000070edfffe8, 0x000000070ec00000| Untracked 
|  75|0x000000070ee00000, 0x000000070f000000, 0x000000070f000000|100%| O|  |TAMS 0x000000070f000000, 0x000000070ee00000| Untracked 
|  76|0x000000070f000000, 0x000000070f1fffe8, 0x000000070f200000| 99%| O|  |TAMS 0x000000070f1fffe8, 0x000000070f000000| Untracked 
|  77|0x000000070f200000, 0x000000070f3fffc8, 0x000000070f400000| 99%| O|  |TAMS 0x000000070f3fffc8, 0x000000070f200000| Untracked 
|  78|0x000000070f400000, 0x000000070f5ffc00, 0x000000070f600000| 99%| O|  |TAMS 0x000000070f5ffc00, 0x000000070f400000| Untracked 
|  79|0x000000070f600000, 0x000000070f7fffc8, 0x000000070f800000| 99%| O|  |TAMS 0x000000070f7fffc8, 0x000000070f600000| Untracked 
|  80|0x000000070f800000, 0x000000070fa00000, 0x000000070fa00000|100%| O|  |TAMS 0x000000070fa00000, 0x000000070f800000| Untracked 
|  81|0x000000070fa00000, 0x000000070fbffff8, 0x000000070fc00000| 99%| O|  |TAMS 0x000000070fbffff8, 0x000000070fa00000| Untracked 
|  82|0x000000070fc00000, 0x000000070fdffff8, 0x000000070fe00000| 99%| O|  |TAMS 0x000000070fdffff8, 0x000000070fc00000| Untracked 
|  83|0x000000070fe00000, 0x000000070fffffe8, 0x0000000710000000| 99%| O|  |TAMS 0x000000070fffffe8, 0x000000070fe00000| Untracked 
|  84|0x0000000710000000, 0x00000007101fffe8, 0x0000000710200000| 99%| O|  |TAMS 0x00000007101fffe8, 0x0000000710000000| Untracked 
|  85|0x0000000710200000, 0x0000000710400000, 0x0000000710400000|100%| O|  |TAMS 0x0000000710400000, 0x0000000710200000| Untracked 
|  86|0x0000000710400000, 0x00000007105fffb8, 0x0000000710600000| 99%| O|  |TAMS 0x00000007105fffb8, 0x0000000710400000| Untracked 
|  87|0x0000000710600000, 0x00000007107fffb8, 0x0000000710800000| 99%| O|  |TAMS 0x00000007107fffb8, 0x0000000710600000| Untracked 
|  88|0x0000000710800000, 0x0000000710a00000, 0x0000000710a00000|100%| O|  |TAMS 0x0000000710a00000, 0x0000000710800000| Untracked 
|  89|0x0000000710a00000, 0x0000000710bfffc8, 0x0000000710c00000| 99%| O|  |TAMS 0x0000000710bfffc8, 0x0000000710a00000| Untracked 
|  90|0x0000000710c00000, 0x0000000710dffff0, 0x0000000710e00000| 99%| O|  |TAMS 0x0000000710dffff0, 0x0000000710c00000| Untracked 
|  91|0x0000000710e00000, 0x0000000711000000, 0x0000000711000000|100%| O|  |TAMS 0x0000000711000000, 0x0000000710e00000| Untracked 
|  92|0x0000000711000000, 0x00000007111ffff0, 0x0000000711200000| 99%| O|  |TAMS 0x0000000711000000, 0x0000000711000000| Untracked 
|  93|0x0000000711200000, 0x000000071139d0d8, 0x0000000711400000| 80%| O|  |TAMS 0x0000000711200000, 0x0000000711200000| Untracked 
|  94|0x0000000711400000, 0x0000000711600000, 0x0000000711600000|100%| O|  |TAMS 0x0000000711400000, 0x0000000711400000| Untracked 
|  95|0x0000000711600000, 0x0000000711800000, 0x0000000711800000|100%| O|  |TAMS 0x0000000711600000, 0x0000000711600000| Untracked 
|  96|0x0000000711800000, 0x00000007118252d8, 0x0000000711a00000|  7%| O|  |TAMS 0x0000000711800000, 0x0000000711800000| Untracked 
|  97|0x0000000711a00000, 0x0000000711a00000, 0x0000000711c00000|  0%| F|  |TAMS 0x0000000711a00000, 0x0000000711a00000| Untracked 
|  98|0x0000000711c00000, 0x0000000711c00000, 0x0000000711e00000|  0%| F|  |TAMS 0x0000000711c00000, 0x0000000711c00000| Untracked 
|  99|0x0000000711e00000, 0x0000000711e00000, 0x0000000712000000|  0%| F|  |TAMS 0x0000000711e00000, 0x0000000711e00000| Untracked 
| 100|0x0000000712000000, 0x0000000712000000, 0x0000000712200000|  0%| F|  |TAMS 0x0000000712000000, 0x0000000712000000| Untracked 
| 101|0x0000000712200000, 0x0000000712200000, 0x0000000712400000|  0%| F|  |TAMS 0x0000000712200000, 0x0000000712200000| Untracked 
| 102|0x0000000712400000, 0x0000000712400000, 0x0000000712600000|  0%| F|  |TAMS 0x0000000712400000, 0x0000000712400000| Untracked 
| 103|0x0000000712600000, 0x0000000712600000, 0x0000000712800000|  0%| F|  |TAMS 0x0000000712600000, 0x0000000712600000| Untracked 
| 104|0x0000000712800000, 0x0000000712800000, 0x0000000712a00000|  0%| F|  |TAMS 0x0000000712800000, 0x0000000712800000| Untracked 
| 105|0x0000000712a00000, 0x0000000712a00000, 0x0000000712c00000|  0%| F|  |TAMS 0x0000000712a00000, 0x0000000712a00000| Untracked 
| 106|0x0000000712c00000, 0x0000000712c00000, 0x0000000712e00000|  0%| F|  |TAMS 0x0000000712c00000, 0x0000000712c00000| Untracked 
| 107|0x0000000712e00000, 0x0000000712f0bbc8, 0x0000000713000000| 52%| O|  |TAMS 0x0000000712e00000, 0x0000000712e00000| Untracked 
| 108|0x0000000713000000, 0x0000000713000000, 0x0000000713200000|  0%| F|  |TAMS 0x0000000713000000, 0x0000000713000000| Untracked 
| 109|0x0000000713200000, 0x0000000713200000, 0x0000000713400000|  0%| F|  |TAMS 0x0000000713200000, 0x0000000713200000| Untracked 
| 110|0x0000000713400000, 0x0000000713400000, 0x0000000713600000|  0%| F|  |TAMS 0x0000000713400000, 0x0000000713400000| Untracked 
| 111|0x0000000713600000, 0x0000000713600000, 0x0000000713800000|  0%| F|  |TAMS 0x0000000713600000, 0x0000000713600000| Untracked 
| 112|0x0000000713800000, 0x0000000713800000, 0x0000000713a00000|  0%| F|  |TAMS 0x0000000713800000, 0x0000000713800000| Untracked 
| 113|0x0000000713a00000, 0x0000000713a00000, 0x0000000713c00000|  0%| F|  |TAMS 0x0000000713a00000, 0x0000000713a00000| Untracked 
| 114|0x0000000713c00000, 0x0000000713c00000, 0x0000000713e00000|  0%| F|  |TAMS 0x0000000713c00000, 0x0000000713c00000| Untracked 
| 115|0x0000000713e00000, 0x0000000713e00000, 0x0000000714000000|  0%| F|  |TAMS 0x0000000713e00000, 0x0000000713e00000| Untracked 
| 116|0x0000000714000000, 0x0000000714000000, 0x0000000714200000|  0%| F|  |TAMS 0x0000000714000000, 0x0000000714000000| Untracked 
| 117|0x0000000714200000, 0x0000000714200000, 0x0000000714400000|  0%| F|  |TAMS 0x0000000714200000, 0x0000000714200000| Untracked 
| 118|0x0000000714400000, 0x000000071448df20, 0x0000000714600000| 27%| O|  |TAMS 0x0000000714400000, 0x0000000714400000| Untracked 
| 119|0x0000000714600000, 0x0000000714600000, 0x0000000714800000|  0%| F|  |TAMS 0x0000000714600000, 0x0000000714600000| Untracked 
| 120|0x0000000714800000, 0x0000000714800000, 0x0000000714a00000|  0%| F|  |TAMS 0x0000000714800000, 0x0000000714800000| Untracked 
| 121|0x0000000714a00000, 0x0000000714a00000, 0x0000000714c00000|  0%| F|  |TAMS 0x0000000714a00000, 0x0000000714a00000| Untracked 
| 122|0x0000000714c00000, 0x0000000714c00000, 0x0000000714e00000|  0%| F|  |TAMS 0x0000000714c00000, 0x0000000714c00000| Untracked 
| 123|0x0000000714e00000, 0x0000000714e00000, 0x0000000715000000|  0%| F|  |TAMS 0x0000000714e00000, 0x0000000714e00000| Untracked 
| 124|0x0000000715000000, 0x0000000715000000, 0x0000000715200000|  0%| F|  |TAMS 0x0000000715000000, 0x0000000715000000| Untracked 
| 125|0x0000000715200000, 0x0000000715200000, 0x0000000715400000|  0%| F|  |TAMS 0x0000000715200000, 0x0000000715200000| Untracked 
| 126|0x0000000715400000, 0x0000000715400000, 0x0000000715600000|  0%| F|  |TAMS 0x0000000715400000, 0x0000000715400000| Untracked 
| 127|0x0000000715600000, 0x0000000715600000, 0x0000000715800000|  0%| F|  |TAMS 0x0000000715600000, 0x0000000715600000| Untracked 
| 128|0x0000000715800000, 0x0000000715800000, 0x0000000715a00000|  0%| F|  |TAMS 0x0000000715800000, 0x0000000715800000| Untracked 
| 129|0x0000000715a00000, 0x0000000715a00000, 0x0000000715c00000|  0%| F|  |TAMS 0x0000000715a00000, 0x0000000715a00000| Untracked 
| 130|0x0000000715c00000, 0x0000000715c00000, 0x0000000715e00000|  0%| F|  |TAMS 0x0000000715c00000, 0x0000000715c00000| Untracked 
| 131|0x0000000715e00000, 0x0000000715e00000, 0x0000000716000000|  0%| F|  |TAMS 0x0000000715e00000, 0x0000000715e00000| Untracked 
| 132|0x0000000716000000, 0x0000000716200000, 0x0000000716200000|100%| S|CS|TAMS 0x0000000716000000, 0x0000000716000000| Complete 
| 133|0x0000000716200000, 0x00000007163fffd8, 0x0000000716400000| 99%| O|  |TAMS 0x0000000716200000, 0x0000000716200000| Untracked 
| 134|0x0000000716400000, 0x0000000716600000, 0x0000000716600000|100%| S|CS|TAMS 0x0000000716400000, 0x0000000716400000| Complete 
| 135|0x0000000716600000, 0x00000007167de570, 0x0000000716800000| 93%| O|  |TAMS 0x0000000716600000, 0x0000000716600000| Untracked 
| 136|0x0000000716800000, 0x0000000716a00000, 0x0000000716a00000|100%| S|CS|TAMS 0x0000000716800000, 0x0000000716800000| Complete 
| 137|0x0000000716a00000, 0x0000000716c00000, 0x0000000716c00000|100%| S|CS|TAMS 0x0000000716a00000, 0x0000000716a00000| Complete 
| 138|0x0000000716c00000, 0x0000000716e00000, 0x0000000716e00000|100%| S|CS|TAMS 0x0000000716c00000, 0x0000000716c00000| Complete 
| 139|0x0000000716e00000, 0x0000000717000000, 0x0000000717000000|100%| O|  |TAMS 0x0000000717000000, 0x0000000716e00000| Untracked 
| 140|0x0000000717000000, 0x0000000717147388, 0x0000000717200000| 63%| O|  |TAMS 0x0000000717000000, 0x0000000717000000| Untracked 
| 141|0x0000000717200000, 0x0000000717400000, 0x0000000717400000|100%| S|CS|TAMS 0x0000000717200000, 0x0000000717200000| Complete 
| 142|0x0000000717400000, 0x0000000717600000, 0x0000000717600000|100%| S|CS|TAMS 0x0000000717400000, 0x0000000717400000| Complete 
| 143|0x0000000717600000, 0x0000000717800000, 0x0000000717800000|100%| S|CS|TAMS 0x0000000717600000, 0x0000000717600000| Complete 
| 144|0x0000000717800000, 0x0000000717800000, 0x0000000717a00000|  0%| F|  |TAMS 0x0000000717800000, 0x0000000717800000| Untracked 
| 145|0x0000000717a00000, 0x0000000717a00000, 0x0000000717c00000|  0%| F|  |TAMS 0x0000000717a00000, 0x0000000717a00000| Untracked 
| 146|0x0000000717c00000, 0x0000000717c00000, 0x0000000717e00000|  0%| F|  |TAMS 0x0000000717c00000, 0x0000000717c00000| Untracked 
| 147|0x0000000717e00000, 0x0000000717e00000, 0x0000000718000000|  0%| F|  |TAMS 0x0000000717e00000, 0x0000000717e00000| Untracked 
| 148|0x0000000718000000, 0x0000000718000000, 0x0000000718200000|  0%| F|  |TAMS 0x0000000718000000, 0x0000000718000000| Untracked 
| 149|0x0000000718200000, 0x0000000718200000, 0x0000000718400000|  0%| F|  |TAMS 0x0000000718200000, 0x0000000718200000| Untracked 
| 150|0x0000000718400000, 0x0000000718400000, 0x0000000718600000|  0%| F|  |TAMS 0x0000000718400000, 0x0000000718400000| Untracked 
| 151|0x0000000718600000, 0x0000000718600000, 0x0000000718800000|  0%| F|  |TAMS 0x0000000718600000, 0x0000000718600000| Untracked 
| 152|0x0000000718800000, 0x0000000718800000, 0x0000000718a00000|  0%| F|  |TAMS 0x0000000718800000, 0x0000000718800000| Untracked 
| 153|0x0000000718a00000, 0x0000000718a00000, 0x0000000718c00000|  0%| F|  |TAMS 0x0000000718a00000, 0x0000000718a00000| Untracked 
| 154|0x0000000718c00000, 0x0000000718c00000, 0x0000000718e00000|  0%| F|  |TAMS 0x0000000718c00000, 0x0000000718c00000| Untracked 
| 155|0x0000000718e00000, 0x0000000718e00000, 0x0000000719000000|  0%| F|  |TAMS 0x0000000718e00000, 0x0000000718e00000| Untracked 
| 156|0x0000000719000000, 0x0000000719000000, 0x0000000719200000|  0%| F|  |TAMS 0x0000000719000000, 0x0000000719000000| Untracked 
| 157|0x0000000719200000, 0x0000000719200000, 0x0000000719400000|  0%| F|  |TAMS 0x0000000719200000, 0x0000000719200000| Untracked 
| 158|0x0000000719400000, 0x0000000719400000, 0x0000000719600000|  0%| F|  |TAMS 0x0000000719400000, 0x0000000719400000| Untracked 
| 159|0x0000000719600000, 0x0000000719600000, 0x0000000719800000|  0%| F|  |TAMS 0x0000000719600000, 0x0000000719600000| Untracked 
| 160|0x0000000719800000, 0x0000000719800000, 0x0000000719a00000|  0%| F|  |TAMS 0x0000000719800000, 0x0000000719800000| Untracked 
| 161|0x0000000719a00000, 0x0000000719a00000, 0x0000000719c00000|  0%| F|  |TAMS 0x0000000719a00000, 0x0000000719a00000| Untracked 
| 162|0x0000000719c00000, 0x0000000719c00000, 0x0000000719e00000|  0%| F|  |TAMS 0x0000000719c00000, 0x0000000719c00000| Untracked 
| 163|0x0000000719e00000, 0x0000000719e00000, 0x000000071a000000|  0%| F|  |TAMS 0x0000000719e00000, 0x0000000719e00000| Untracked 
| 164|0x000000071a000000, 0x000000071a000000, 0x000000071a200000|  0%| F|  |TAMS 0x000000071a000000, 0x000000071a000000| Untracked 
| 165|0x000000071a200000, 0x000000071a200000, 0x000000071a400000|  0%| F|  |TAMS 0x000000071a200000, 0x000000071a200000| Untracked 
| 166|0x000000071a400000, 0x000000071a400000, 0x000000071a600000|  0%| F|  |TAMS 0x000000071a400000, 0x000000071a400000| Untracked 
| 167|0x000000071a600000, 0x000000071a600000, 0x000000071a800000|  0%| F|  |TAMS 0x000000071a600000, 0x000000071a600000| Untracked 
| 168|0x000000071a800000, 0x000000071a800000, 0x000000071aa00000|  0%| F|  |TAMS 0x000000071a800000, 0x000000071a800000| Untracked 
| 169|0x000000071aa00000, 0x000000071aa00000, 0x000000071ac00000|  0%| F|  |TAMS 0x000000071aa00000, 0x000000071aa00000| Untracked 
| 170|0x000000071ac00000, 0x000000071ac00000, 0x000000071ae00000|  0%| F|  |TAMS 0x000000071ac00000, 0x000000071ac00000| Untracked 
| 171|0x000000071ae00000, 0x000000071ae00000, 0x000000071b000000|  0%| F|  |TAMS 0x000000071ae00000, 0x000000071ae00000| Untracked 
| 172|0x000000071b000000, 0x000000071b000000, 0x000000071b200000|  0%| F|  |TAMS 0x000000071b000000, 0x000000071b000000| Untracked 
| 173|0x000000071b200000, 0x000000071b200000, 0x000000071b400000|  0%| F|  |TAMS 0x000000071b200000, 0x000000071b200000| Untracked 
| 174|0x000000071b400000, 0x000000071b400000, 0x000000071b600000|  0%| F|  |TAMS 0x000000071b400000, 0x000000071b400000| Untracked 
| 175|0x000000071b600000, 0x000000071b600000, 0x000000071b800000|  0%| F|  |TAMS 0x000000071b600000, 0x000000071b600000| Untracked 
| 176|0x000000071b800000, 0x000000071b800000, 0x000000071ba00000|  0%| F|  |TAMS 0x000000071b800000, 0x000000071b800000| Untracked 
| 177|0x000000071ba00000, 0x000000071ba00000, 0x000000071bc00000|  0%| F|  |TAMS 0x000000071ba00000, 0x000000071ba00000| Untracked 
| 178|0x000000071bc00000, 0x000000071bc00000, 0x000000071be00000|  0%| F|  |TAMS 0x000000071bc00000, 0x000000071bc00000| Untracked 
| 179|0x000000071be00000, 0x000000071be00000, 0x000000071c000000|  0%| F|  |TAMS 0x000000071be00000, 0x000000071be00000| Untracked 
| 180|0x000000071c000000, 0x000000071c000000, 0x000000071c200000|  0%| F|  |TAMS 0x000000071c000000, 0x000000071c000000| Untracked 
| 181|0x000000071c200000, 0x000000071c200000, 0x000000071c400000|  0%| F|  |TAMS 0x000000071c200000, 0x000000071c200000| Untracked 
| 182|0x000000071c400000, 0x000000071c400000, 0x000000071c600000|  0%| F|  |TAMS 0x000000071c400000, 0x000000071c400000| Untracked 
| 183|0x000000071c600000, 0x000000071c600000, 0x000000071c800000|  0%| F|  |TAMS 0x000000071c600000, 0x000000071c600000| Untracked 
| 184|0x000000071c800000, 0x000000071c800000, 0x000000071ca00000|  0%| F|  |TAMS 0x000000071c800000, 0x000000071c800000| Untracked 
| 185|0x000000071ca00000, 0x000000071ca00000, 0x000000071cc00000|  0%| F|  |TAMS 0x000000071ca00000, 0x000000071ca00000| Untracked 
| 186|0x000000071cc00000, 0x000000071cc00000, 0x000000071ce00000|  0%| F|  |TAMS 0x000000071cc00000, 0x000000071cc00000| Untracked 
| 187|0x000000071ce00000, 0x000000071ce00000, 0x000000071d000000|  0%| F|  |TAMS 0x000000071ce00000, 0x000000071ce00000| Untracked 
| 188|0x000000071d000000, 0x000000071d000000, 0x000000071d200000|  0%| F|  |TAMS 0x000000071d000000, 0x000000071d000000| Untracked 
| 189|0x000000071d200000, 0x000000071d200000, 0x000000071d400000|  0%| F|  |TAMS 0x000000071d200000, 0x000000071d200000| Untracked 
| 190|0x000000071d400000, 0x000000071d400000, 0x000000071d600000|  0%| F|  |TAMS 0x000000071d400000, 0x000000071d400000| Untracked 
| 191|0x000000071d600000, 0x000000071d600000, 0x000000071d800000|  0%| F|  |TAMS 0x000000071d600000, 0x000000071d600000| Untracked 
| 192|0x000000071d800000, 0x000000071d800000, 0x000000071da00000|  0%| F|  |TAMS 0x000000071d800000, 0x000000071d800000| Untracked 
| 193|0x000000071da00000, 0x000000071da00000, 0x000000071dc00000|  0%| F|  |TAMS 0x000000071da00000, 0x000000071da00000| Untracked 
| 194|0x000000071dc00000, 0x000000071dc00000, 0x000000071de00000|  0%| F|  |TAMS 0x000000071dc00000, 0x000000071dc00000| Untracked 
| 195|0x000000071de00000, 0x000000071de00000, 0x000000071e000000|  0%| F|  |TAMS 0x000000071de00000, 0x000000071de00000| Untracked 
| 196|0x000000071e000000, 0x000000071e000000, 0x000000071e200000|  0%| F|  |TAMS 0x000000071e000000, 0x000000071e000000| Untracked 
| 197|0x000000071e200000, 0x000000071e200000, 0x000000071e400000|  0%| F|  |TAMS 0x000000071e200000, 0x000000071e200000| Untracked 
| 198|0x000000071e400000, 0x000000071e400000, 0x000000071e600000|  0%| F|  |TAMS 0x000000071e400000, 0x000000071e400000| Untracked 
| 199|0x000000071e600000, 0x000000071e600000, 0x000000071e800000|  0%| F|  |TAMS 0x000000071e600000, 0x000000071e600000| Untracked 
| 200|0x000000071e800000, 0x000000071e800000, 0x000000071ea00000|  0%| F|  |TAMS 0x000000071e800000, 0x000000071e800000| Untracked 
| 201|0x000000071ea00000, 0x000000071ea00000, 0x000000071ec00000|  0%| F|  |TAMS 0x000000071ea00000, 0x000000071ea00000| Untracked 
| 202|0x000000071ec00000, 0x000000071ec00000, 0x000000071ee00000|  0%| F|  |TAMS 0x000000071ec00000, 0x000000071ec00000| Untracked 
| 203|0x000000071ee00000, 0x000000071ee00000, 0x000000071f000000|  0%| F|  |TAMS 0x000000071ee00000, 0x000000071ee00000| Untracked 
| 204|0x000000071f000000, 0x000000071f000000, 0x000000071f200000|  0%| F|  |TAMS 0x000000071f000000, 0x000000071f000000| Untracked 
| 205|0x000000071f200000, 0x000000071f200000, 0x000000071f400000|  0%| F|  |TAMS 0x000000071f200000, 0x000000071f200000| Untracked 
| 206|0x000000071f400000, 0x000000071f400000, 0x000000071f600000|  0%| F|  |TAMS 0x000000071f400000, 0x000000071f400000| Untracked 
| 207|0x000000071f600000, 0x000000071f600000, 0x000000071f800000|  0%| F|  |TAMS 0x000000071f600000, 0x000000071f600000| Untracked 
| 208|0x000000071f800000, 0x000000071f800000, 0x000000071fa00000|  0%| F|  |TAMS 0x000000071f800000, 0x000000071f800000| Untracked 
| 209|0x000000071fa00000, 0x000000071fa00000, 0x000000071fc00000|  0%| F|  |TAMS 0x000000071fa00000, 0x000000071fa00000| Untracked 
| 210|0x000000071fc00000, 0x000000071fc00000, 0x000000071fe00000|  0%| F|  |TAMS 0x000000071fc00000, 0x000000071fc00000| Untracked 
| 211|0x000000071fe00000, 0x000000071fe00000, 0x0000000720000000|  0%| F|  |TAMS 0x000000071fe00000, 0x000000071fe00000| Untracked 
| 212|0x0000000720000000, 0x0000000720000000, 0x0000000720200000|  0%| F|  |TAMS 0x0000000720000000, 0x0000000720000000| Untracked 
| 213|0x0000000720200000, 0x0000000720200000, 0x0000000720400000|  0%| F|  |TAMS 0x0000000720200000, 0x0000000720200000| Untracked 
| 214|0x0000000720400000, 0x0000000720400000, 0x0000000720600000|  0%| F|  |TAMS 0x0000000720400000, 0x0000000720400000| Untracked 
| 215|0x0000000720600000, 0x0000000720600000, 0x0000000720800000|  0%| F|  |TAMS 0x0000000720600000, 0x0000000720600000| Untracked 
| 216|0x0000000720800000, 0x0000000720800000, 0x0000000720a00000|  0%| F|  |TAMS 0x0000000720800000, 0x0000000720800000| Untracked 
| 217|0x0000000720a00000, 0x0000000720a00000, 0x0000000720c00000|  0%| F|  |TAMS 0x0000000720a00000, 0x0000000720a00000| Untracked 
| 218|0x0000000720c00000, 0x0000000720c00000, 0x0000000720e00000|  0%| F|  |TAMS 0x0000000720c00000, 0x0000000720c00000| Untracked 
| 219|0x0000000720e00000, 0x0000000720e00000, 0x0000000721000000|  0%| F|  |TAMS 0x0000000720e00000, 0x0000000720e00000| Untracked 
| 220|0x0000000721000000, 0x0000000721000000, 0x0000000721200000|  0%| F|  |TAMS 0x0000000721000000, 0x0000000721000000| Untracked 
| 221|0x0000000721200000, 0x0000000721200000, 0x0000000721400000|  0%| F|  |TAMS 0x0000000721200000, 0x0000000721200000| Untracked 
| 222|0x0000000721400000, 0x0000000721400000, 0x0000000721600000|  0%| F|  |TAMS 0x0000000721400000, 0x0000000721400000| Untracked 
| 223|0x0000000721600000, 0x0000000721600000, 0x0000000721800000|  0%| F|  |TAMS 0x0000000721600000, 0x0000000721600000| Untracked 
| 224|0x0000000721800000, 0x0000000721800000, 0x0000000721a00000|  0%| F|  |TAMS 0x0000000721800000, 0x0000000721800000| Untracked 
| 225|0x0000000721a00000, 0x0000000721a00000, 0x0000000721c00000|  0%| F|  |TAMS 0x0000000721a00000, 0x0000000721a00000| Untracked 
| 226|0x0000000721c00000, 0x0000000721c00000, 0x0000000721e00000|  0%| F|  |TAMS 0x0000000721c00000, 0x0000000721c00000| Untracked 
| 227|0x0000000721e00000, 0x0000000721e00000, 0x0000000722000000|  0%| F|  |TAMS 0x0000000721e00000, 0x0000000721e00000| Untracked 
| 228|0x0000000722000000, 0x0000000722000000, 0x0000000722200000|  0%| F|  |TAMS 0x0000000722000000, 0x0000000722000000| Untracked 
| 229|0x0000000722200000, 0x0000000722200000, 0x0000000722400000|  0%| F|  |TAMS 0x0000000722200000, 0x0000000722200000| Untracked 
| 230|0x0000000722400000, 0x0000000722400000, 0x0000000722600000|  0%| F|  |TAMS 0x0000000722400000, 0x0000000722400000| Untracked 
| 231|0x0000000722600000, 0x0000000722600000, 0x0000000722800000|  0%| F|  |TAMS 0x0000000722600000, 0x0000000722600000| Untracked 
| 232|0x0000000722800000, 0x0000000722800000, 0x0000000722a00000|  0%| F|  |TAMS 0x0000000722800000, 0x0000000722800000| Untracked 
| 233|0x0000000722a00000, 0x0000000722a00000, 0x0000000722c00000|  0%| F|  |TAMS 0x0000000722a00000, 0x0000000722a00000| Untracked 
| 234|0x0000000722c00000, 0x0000000722c00000, 0x0000000722e00000|  0%| F|  |TAMS 0x0000000722c00000, 0x0000000722c00000| Untracked 
| 235|0x0000000722e00000, 0x0000000722e00000, 0x0000000723000000|  0%| F|  |TAMS 0x0000000722e00000, 0x0000000722e00000| Untracked 
| 236|0x0000000723000000, 0x0000000723000000, 0x0000000723200000|  0%| F|  |TAMS 0x0000000723000000, 0x0000000723000000| Untracked 
| 237|0x0000000723200000, 0x0000000723200000, 0x0000000723400000|  0%| F|  |TAMS 0x0000000723200000, 0x0000000723200000| Untracked 
| 238|0x0000000723400000, 0x0000000723400000, 0x0000000723600000|  0%| F|  |TAMS 0x0000000723400000, 0x0000000723400000| Untracked 
| 239|0x0000000723600000, 0x0000000723600000, 0x0000000723800000|  0%| F|  |TAMS 0x0000000723600000, 0x0000000723600000| Untracked 
| 240|0x0000000723800000, 0x0000000723800000, 0x0000000723a00000|  0%| F|  |TAMS 0x0000000723800000, 0x0000000723800000| Untracked 
| 241|0x0000000723a00000, 0x0000000723a00000, 0x0000000723c00000|  0%| F|  |TAMS 0x0000000723a00000, 0x0000000723a00000| Untracked 
| 242|0x0000000723c00000, 0x0000000723c00000, 0x0000000723e00000|  0%| F|  |TAMS 0x0000000723c00000, 0x0000000723c00000| Untracked 
| 243|0x0000000723e00000, 0x0000000723e00000, 0x0000000724000000|  0%| F|  |TAMS 0x0000000723e00000, 0x0000000723e00000| Untracked 
| 244|0x0000000724000000, 0x0000000724000000, 0x0000000724200000|  0%| F|  |TAMS 0x0000000724000000, 0x0000000724000000| Untracked 
| 245|0x0000000724200000, 0x0000000724200000, 0x0000000724400000|  0%| F|  |TAMS 0x0000000724200000, 0x0000000724200000| Untracked 
| 246|0x0000000724400000, 0x0000000724400000, 0x0000000724600000|  0%| F|  |TAMS 0x0000000724400000, 0x0000000724400000| Untracked 
| 247|0x0000000724600000, 0x0000000724600000, 0x0000000724800000|  0%| F|  |TAMS 0x0000000724600000, 0x0000000724600000| Untracked 
| 248|0x0000000724800000, 0x0000000724800000, 0x0000000724a00000|  0%| F|  |TAMS 0x0000000724800000, 0x0000000724800000| Untracked 
| 249|0x0000000724a00000, 0x0000000724a00000, 0x0000000724c00000|  0%| F|  |TAMS 0x0000000724a00000, 0x0000000724a00000| Untracked 
| 250|0x0000000724c00000, 0x0000000724c00000, 0x0000000724e00000|  0%| F|  |TAMS 0x0000000724c00000, 0x0000000724c00000| Untracked 
| 251|0x0000000724e00000, 0x0000000724e00000, 0x0000000725000000|  0%| F|  |TAMS 0x0000000724e00000, 0x0000000724e00000| Untracked 
| 252|0x0000000725000000, 0x0000000725000000, 0x0000000725200000|  0%| F|  |TAMS 0x0000000725000000, 0x0000000725000000| Untracked 
| 253|0x0000000725200000, 0x0000000725200000, 0x0000000725400000|  0%| F|  |TAMS 0x0000000725200000, 0x0000000725200000| Untracked 
| 254|0x0000000725400000, 0x0000000725400000, 0x0000000725600000|  0%| F|  |TAMS 0x0000000725400000, 0x0000000725400000| Untracked 
| 255|0x0000000725600000, 0x0000000725600000, 0x0000000725800000|  0%| F|  |TAMS 0x0000000725600000, 0x0000000725600000| Untracked 
| 256|0x0000000725800000, 0x0000000725800000, 0x0000000725a00000|  0%| F|  |TAMS 0x0000000725800000, 0x0000000725800000| Untracked 
| 257|0x0000000725a00000, 0x0000000725a00000, 0x0000000725c00000|  0%| F|  |TAMS 0x0000000725a00000, 0x0000000725a00000| Untracked 
| 258|0x0000000725c00000, 0x0000000725c00000, 0x0000000725e00000|  0%| F|  |TAMS 0x0000000725c00000, 0x0000000725c00000| Untracked 
| 259|0x0000000725e00000, 0x0000000725e00000, 0x0000000726000000|  0%| F|  |TAMS 0x0000000725e00000, 0x0000000725e00000| Untracked 
| 260|0x0000000726000000, 0x0000000726000000, 0x0000000726200000|  0%| F|  |TAMS 0x0000000726000000, 0x0000000726000000| Untracked 
| 261|0x0000000726200000, 0x0000000726200000, 0x0000000726400000|  0%| F|  |TAMS 0x0000000726200000, 0x0000000726200000| Untracked 
| 262|0x0000000726400000, 0x0000000726400000, 0x0000000726600000|  0%| F|  |TAMS 0x0000000726400000, 0x0000000726400000| Untracked 
| 263|0x0000000726600000, 0x0000000726600000, 0x0000000726800000|  0%| F|  |TAMS 0x0000000726600000, 0x0000000726600000| Untracked 
| 264|0x0000000726800000, 0x0000000726800000, 0x0000000726a00000|  0%| F|  |TAMS 0x0000000726800000, 0x0000000726800000| Untracked 
| 265|0x0000000726a00000, 0x0000000726a00000, 0x0000000726c00000|  0%| F|  |TAMS 0x0000000726a00000, 0x0000000726a00000| Untracked 
| 266|0x0000000726c00000, 0x0000000726c00000, 0x0000000726e00000|  0%| F|  |TAMS 0x0000000726c00000, 0x0000000726c00000| Untracked 
| 267|0x0000000726e00000, 0x0000000726e00000, 0x0000000727000000|  0%| F|  |TAMS 0x0000000726e00000, 0x0000000726e00000| Untracked 
| 268|0x0000000727000000, 0x0000000727000000, 0x0000000727200000|  0%| F|  |TAMS 0x0000000727000000, 0x0000000727000000| Untracked 
| 269|0x0000000727200000, 0x0000000727200000, 0x0000000727400000|  0%| F|  |TAMS 0x0000000727200000, 0x0000000727200000| Untracked 
| 270|0x0000000727400000, 0x0000000727400000, 0x0000000727600000|  0%| F|  |TAMS 0x0000000727400000, 0x0000000727400000| Untracked 
| 271|0x0000000727600000, 0x0000000727600000, 0x0000000727800000|  0%| F|  |TAMS 0x0000000727600000, 0x0000000727600000| Untracked 
| 272|0x0000000727800000, 0x0000000727800000, 0x0000000727a00000|  0%| F|  |TAMS 0x0000000727800000, 0x0000000727800000| Untracked 
| 273|0x0000000727a00000, 0x0000000727a00000, 0x0000000727c00000|  0%| F|  |TAMS 0x0000000727a00000, 0x0000000727a00000| Untracked 
| 274|0x0000000727c00000, 0x0000000727c00000, 0x0000000727e00000|  0%| F|  |TAMS 0x0000000727c00000, 0x0000000727c00000| Untracked 
| 275|0x0000000727e00000, 0x0000000727e00000, 0x0000000728000000|  0%| F|  |TAMS 0x0000000727e00000, 0x0000000727e00000| Untracked 
| 276|0x0000000728000000, 0x0000000728000000, 0x0000000728200000|  0%| F|  |TAMS 0x0000000728000000, 0x0000000728000000| Untracked 
| 277|0x0000000728200000, 0x0000000728200000, 0x0000000728400000|  0%| F|  |TAMS 0x0000000728200000, 0x0000000728200000| Untracked 
| 278|0x0000000728400000, 0x0000000728400000, 0x0000000728600000|  0%| F|  |TAMS 0x0000000728400000, 0x0000000728400000| Untracked 
| 279|0x0000000728600000, 0x0000000728600000, 0x0000000728800000|  0%| F|  |TAMS 0x0000000728600000, 0x0000000728600000| Untracked 
| 280|0x0000000728800000, 0x0000000728800000, 0x0000000728a00000|  0%| F|  |TAMS 0x0000000728800000, 0x0000000728800000| Untracked 
| 281|0x0000000728a00000, 0x0000000728a00000, 0x0000000728c00000|  0%| F|  |TAMS 0x0000000728a00000, 0x0000000728a00000| Untracked 
| 282|0x0000000728c00000, 0x0000000728c00000, 0x0000000728e00000|  0%| F|  |TAMS 0x0000000728c00000, 0x0000000728c00000| Untracked 
| 283|0x0000000728e00000, 0x0000000728e00000, 0x0000000729000000|  0%| F|  |TAMS 0x0000000728e00000, 0x0000000728e00000| Untracked 
| 284|0x0000000729000000, 0x0000000729000000, 0x0000000729200000|  0%| F|  |TAMS 0x0000000729000000, 0x0000000729000000| Untracked 
| 285|0x0000000729200000, 0x0000000729200000, 0x0000000729400000|  0%| F|  |TAMS 0x0000000729200000, 0x0000000729200000| Untracked 
| 286|0x0000000729400000, 0x0000000729400000, 0x0000000729600000|  0%| F|  |TAMS 0x0000000729400000, 0x0000000729400000| Untracked 
| 287|0x0000000729600000, 0x0000000729600000, 0x0000000729800000|  0%| F|  |TAMS 0x0000000729600000, 0x0000000729600000| Untracked 
| 288|0x0000000729800000, 0x0000000729800000, 0x0000000729a00000|  0%| F|  |TAMS 0x0000000729800000, 0x0000000729800000| Untracked 
| 289|0x0000000729a00000, 0x0000000729a00000, 0x0000000729c00000|  0%| F|  |TAMS 0x0000000729a00000, 0x0000000729a00000| Untracked 
| 290|0x0000000729c00000, 0x0000000729c00000, 0x0000000729e00000|  0%| F|  |TAMS 0x0000000729c00000, 0x0000000729c00000| Untracked 
| 291|0x0000000729e00000, 0x0000000729e00000, 0x000000072a000000|  0%| F|  |TAMS 0x0000000729e00000, 0x0000000729e00000| Untracked 
| 292|0x000000072a000000, 0x000000072a000000, 0x000000072a200000|  0%| F|  |TAMS 0x000000072a000000, 0x000000072a000000| Untracked 
| 293|0x000000072a200000, 0x000000072a200000, 0x000000072a400000|  0%| F|  |TAMS 0x000000072a200000, 0x000000072a200000| Untracked 
| 294|0x000000072a400000, 0x000000072a400000, 0x000000072a600000|  0%| F|  |TAMS 0x000000072a400000, 0x000000072a400000| Untracked 
| 295|0x000000072a600000, 0x000000072a600000, 0x000000072a800000|  0%| F|  |TAMS 0x000000072a600000, 0x000000072a600000| Untracked 
| 296|0x000000072a800000, 0x000000072a800000, 0x000000072aa00000|  0%| F|  |TAMS 0x000000072a800000, 0x000000072a800000| Untracked 
| 297|0x000000072aa00000, 0x000000072aa00000, 0x000000072ac00000|  0%| F|  |TAMS 0x000000072aa00000, 0x000000072aa00000| Untracked 
| 298|0x000000072ac00000, 0x000000072ac00000, 0x000000072ae00000|  0%| F|  |TAMS 0x000000072ac00000, 0x000000072ac00000| Untracked 
| 299|0x000000072ae00000, 0x000000072ae00000, 0x000000072b000000|  0%| F|  |TAMS 0x000000072ae00000, 0x000000072ae00000| Untracked 
| 300|0x000000072b000000, 0x000000072b000000, 0x000000072b200000|  0%| F|  |TAMS 0x000000072b000000, 0x000000072b000000| Untracked 
| 301|0x000000072b200000, 0x000000072b200000, 0x000000072b400000|  0%| F|  |TAMS 0x000000072b200000, 0x000000072b200000| Untracked 
| 302|0x000000072b400000, 0x000000072b400000, 0x000000072b600000|  0%| F|  |TAMS 0x000000072b400000, 0x000000072b400000| Untracked 
| 303|0x000000072b600000, 0x000000072b600000, 0x000000072b800000|  0%| F|  |TAMS 0x000000072b600000, 0x000000072b600000| Untracked 
| 304|0x000000072b800000, 0x000000072b800000, 0x000000072ba00000|  0%| F|  |TAMS 0x000000072b800000, 0x000000072b800000| Untracked 
| 305|0x000000072ba00000, 0x000000072ba00000, 0x000000072bc00000|  0%| F|  |TAMS 0x000000072ba00000, 0x000000072ba00000| Untracked 
| 306|0x000000072bc00000, 0x000000072bc00000, 0x000000072be00000|  0%| F|  |TAMS 0x000000072bc00000, 0x000000072bc00000| Untracked 
| 307|0x000000072be00000, 0x000000072be00000, 0x000000072c000000|  0%| F|  |TAMS 0x000000072be00000, 0x000000072be00000| Untracked 
| 308|0x000000072c000000, 0x000000072c000000, 0x000000072c200000|  0%| F|  |TAMS 0x000000072c000000, 0x000000072c000000| Untracked 
| 309|0x000000072c200000, 0x000000072c200000, 0x000000072c400000|  0%| F|  |TAMS 0x000000072c200000, 0x000000072c200000| Untracked 
| 310|0x000000072c400000, 0x000000072c400000, 0x000000072c600000|  0%| F|  |TAMS 0x000000072c400000, 0x000000072c400000| Untracked 
| 311|0x000000072c600000, 0x000000072c600000, 0x000000072c800000|  0%| F|  |TAMS 0x000000072c600000, 0x000000072c600000| Untracked 
| 312|0x000000072c800000, 0x000000072c800000, 0x000000072ca00000|  0%| F|  |TAMS 0x000000072c800000, 0x000000072c800000| Untracked 
| 313|0x000000072ca00000, 0x000000072ca00000, 0x000000072cc00000|  0%| F|  |TAMS 0x000000072ca00000, 0x000000072ca00000| Untracked 
| 314|0x000000072cc00000, 0x000000072cc00000, 0x000000072ce00000|  0%| F|  |TAMS 0x000000072cc00000, 0x000000072cc00000| Untracked 
| 315|0x000000072ce00000, 0x000000072ce00000, 0x000000072d000000|  0%| F|  |TAMS 0x000000072ce00000, 0x000000072ce00000| Untracked 
| 316|0x000000072d000000, 0x000000072d000000, 0x000000072d200000|  0%| F|  |TAMS 0x000000072d000000, 0x000000072d000000| Untracked 
| 317|0x000000072d200000, 0x000000072d200000, 0x000000072d400000|  0%| F|  |TAMS 0x000000072d200000, 0x000000072d200000| Untracked 
| 318|0x000000072d400000, 0x000000072d400000, 0x000000072d600000|  0%| F|  |TAMS 0x000000072d400000, 0x000000072d400000| Untracked 
| 319|0x000000072d600000, 0x000000072d600000, 0x000000072d800000|  0%| F|  |TAMS 0x000000072d600000, 0x000000072d600000| Untracked 
| 320|0x000000072d800000, 0x000000072d800000, 0x000000072da00000|  0%| F|  |TAMS 0x000000072d800000, 0x000000072d800000| Untracked 
| 321|0x000000072da00000, 0x000000072da00000, 0x000000072dc00000|  0%| F|  |TAMS 0x000000072da00000, 0x000000072da00000| Untracked 
| 322|0x000000072dc00000, 0x000000072dc00000, 0x000000072de00000|  0%| F|  |TAMS 0x000000072dc00000, 0x000000072dc00000| Untracked 
| 323|0x000000072de00000, 0x000000072de00000, 0x000000072e000000|  0%| F|  |TAMS 0x000000072de00000, 0x000000072de00000| Untracked 
| 324|0x000000072e000000, 0x000000072e000000, 0x000000072e200000|  0%| F|  |TAMS 0x000000072e000000, 0x000000072e000000| Untracked 
| 325|0x000000072e200000, 0x000000072e200000, 0x000000072e400000|  0%| F|  |TAMS 0x000000072e200000, 0x000000072e200000| Untracked 
| 326|0x000000072e400000, 0x000000072e400000, 0x000000072e600000|  0%| F|  |TAMS 0x000000072e400000, 0x000000072e400000| Untracked 
| 327|0x000000072e600000, 0x000000072e600000, 0x000000072e800000|  0%| F|  |TAMS 0x000000072e600000, 0x000000072e600000| Untracked 
| 328|0x000000072e800000, 0x000000072e800000, 0x000000072ea00000|  0%| F|  |TAMS 0x000000072e800000, 0x000000072e800000| Untracked 
| 329|0x000000072ea00000, 0x000000072ea00000, 0x000000072ec00000|  0%| F|  |TAMS 0x000000072ea00000, 0x000000072ea00000| Untracked 
| 330|0x000000072ec00000, 0x000000072ec00000, 0x000000072ee00000|  0%| F|  |TAMS 0x000000072ec00000, 0x000000072ec00000| Untracked 
| 331|0x000000072ee00000, 0x000000072ee00000, 0x000000072f000000|  0%| F|  |TAMS 0x000000072ee00000, 0x000000072ee00000| Untracked 
| 332|0x000000072f000000, 0x000000072f000000, 0x000000072f200000|  0%| F|  |TAMS 0x000000072f000000, 0x000000072f000000| Untracked 
| 333|0x000000072f200000, 0x000000072f200000, 0x000000072f400000|  0%| F|  |TAMS 0x000000072f200000, 0x000000072f200000| Untracked 
| 334|0x000000072f400000, 0x000000072f400000, 0x000000072f600000|  0%| F|  |TAMS 0x000000072f400000, 0x000000072f400000| Untracked 
| 335|0x000000072f600000, 0x000000072f600000, 0x000000072f800000|  0%| F|  |TAMS 0x000000072f600000, 0x000000072f600000| Untracked 
| 336|0x000000072f800000, 0x000000072f800000, 0x000000072fa00000|  0%| F|  |TAMS 0x000000072f800000, 0x000000072f800000| Untracked 

Card table byte_map: [0x0000023917750000,0x0000023917f30000] _byte_map_base: 0x0000023913f24000

Marking Bits (Prev, Next): (CMBitMap*) 0x000002397fc91d00, (CMBitMap*) 0x000002397fc91cc0
 Prev Bits: [0x000002391c5b0000, 0x0000023920450000)
 Next Bits: [0x0000023918710000, 0x000002391c5b0000)

Polling page: 0x000002397e3d0000

Metaspace:

Usage:
  Non-class:    502.06 MB used.
      Class:     50.54 MB used.
       Both:    552.60 MB used.

Virtual space:
  Non-class space:      512.00 MB reserved,     504.44 MB ( 99%) committed,  8 nodes.
      Class space:        1.00 GB reserved,      52.44 MB (  5%) committed,  1 nodes.
             Both:        1.50 GB reserved,     556.88 MB ( 36%) committed. 

Chunk freelists:
   Non-Class:  7.55 MB
       Class:  11.48 MB
        Both:  19.03 MB

MaxMetaspaceSize: unlimited
CompressedClassSpaceSize: 1.00 GB
Initial GC threshold: 21.00 MB
Current GC threshold: 924.06 MB
CDS: on
MetaspaceReclaimPolicy: balanced
 - commit_granule_bytes: 65536.
 - commit_granule_words: 8192.
 - virtual_space_node_default_size: 8388608.
 - enlarge_chunks_in_place: 1.
 - new_chunks_are_fully_committed: 0.
 - uncommit_free_chunks: 1.
 - use_allocation_guard: 0.
 - handle_deallocations: 1.


Internal statistics:

num_allocs_failed_limit: 9.
num_arena_births: 4004.
num_arena_deaths: 860.
num_vsnodes_births: 9.
num_vsnodes_deaths: 0.
num_space_committed: 8910.
num_space_uncommitted: 0.
num_chunks_returned_to_freelist: 1339.
num_chunks_taken_from_freelist: 27275.
num_chunk_merges: 409.
num_chunk_splits: 20945.
num_chunks_enlarged: 17200.
num_inconsistent_stats: 0.

CodeHeap 'non-profiled nmethods': size=120000Kb used=43454Kb max_used=43454Kb free=76545Kb
 bounds [0x000002390f2c0000, 0x0000023911d30000, 0x00000239167f0000]
CodeHeap 'profiled nmethods': size=120000Kb used=48124Kb max_used=48124Kb free=71876Kb
 bounds [0x00000239077f0000, 0x000002390a700000, 0x000002390ed20000]
CodeHeap 'non-nmethods': size=5760Kb used=1475Kb max_used=1580Kb free=4285Kb
 bounds [0x000002390ed20000, 0x000002390ef90000, 0x000002390f2c0000]
 total_blobs=27042 nmethods=26313 adapters=640
 compilation: enabled
              stopped_count=0, restarted_count=0
 full_count=0

Compilation events (20 events):
Event: 9306.438 Thread 0x0000023968127ab0 34674       1       org.apache.coyote.AbstractProcessor::getRequest (5 bytes)
Event: 9306.441 Thread 0x0000023968127ab0 nmethod 34674 0x0000023911d2ad90 code [0x0000023911d2af20, 0x0000023911d2aff8]
Event: 9306.442 Thread 0x0000023968127ab0 34675       1       org.apache.coyote.RequestInfo::setRpName (6 bytes)
Event: 9306.444 Thread 0x0000023968127ab0 nmethod 34675 0x0000023911d2b090 code [0x0000023911d2b220, 0x0000023911d2b338]
Event: 9313.273 Thread 0x00000239681270f0 34676   !   4       org.springframework.boot.context.properties.source.ConfigurationPropertySourcesPropertyResolver::containsProperty (44 bytes)
Event: 9313.763 Thread 0x00000239681270f0 nmethod 34676 0x0000023911d2b390 code [0x0000023911d2b5a0, 0x0000023911d2c378]
Event: 9319.588 Thread 0x00000239681270f0 34677   !   4       com.mysql.cj.jdbc.ClientPreparedStatement::executeInternal (224 bytes)
Event: 9319.631 Thread 0x00000239681270f0 nmethod 34677 0x0000023911d2cd10 code [0x0000023911d2cfa0, 0x0000023911d2e270]
Event: 9321.075 Thread 0x0000023968127ab0 34678       3       org.springframework.data.jpa.repository.query.ExpressionBasedStringQuery::renderQueryIfExpressionOrReturnQuery (90 bytes)
Event: 9321.168 Thread 0x00000239681270f0 34679       4       org.springframework.data.mapping.model.AbstractPersistentProperty$$Lambda$1338/0x00000239248f2328::test (8 bytes)
Event: 9321.170 Thread 0x00000239681270f0 nmethod 34679 0x0000023911d2f390 code [0x0000023911d2f520, 0x0000023911d2f5f8]
Event: 9321.252 Thread 0x0000023968127ab0 nmethod 34678 0x000002390a6f2090 code [0x000002390a6f23c0, 0x000002390a6f34b8]
Event: 9327.234 Thread 0x0000023968127ab0 34680       3       org.apache.coyote.http11.Http11InputBuffer::addFilter (64 bytes)
Event: 9327.237 Thread 0x0000023968127ab0 nmethod 34680 0x000002390a6f3b90 code [0x000002390a6f3da0, 0x000002390a6f4548]
Event: 9327.237 Thread 0x0000023968127ab0 34681       3       org.apache.coyote.http11.Http11OutputBuffer::addFilter (44 bytes)
Event: 9327.237 Thread 0x0000023968127ab0 nmethod 34681 0x000002390a6f4810 code [0x000002390a6f49e0, 0x000002390a6f5028]
Event: 9327.237 Thread 0x0000023968127ab0 34682       3       org.apache.tomcat.util.threads.LimitLatch$Sync::tryReleaseShared (13 bytes)
Event: 9327.237 Thread 0x0000023968127ab0 nmethod 34682 0x000002390a6f5210 code [0x000002390a6f53c0, 0x000002390a6f5528]
Event: 9327.353 Thread 0x0000023968127ab0 34683       1       org.hibernate.query.sqm.internal.QuerySqmImpl::getParameterMetadata (5 bytes)
Event: 9327.353 Thread 0x0000023968127ab0 nmethod 34683 0x0000023911d2f710 code [0x0000023911d2f8a0, 0x0000023911d2f978]

GC Heap History (20 events):
Event: 9095.289 GC heap after
{Heap after GC invocations=599 (full 156):
 garbage-first heap   total 690176K, used 218102K [0x0000000705800000, 0x0000000800000000)
  region size 2048K, 9 young (18432K), 9 survivors (18432K)
 Metaspace       used 560672K, committed 564992K, reserved 1572864K
  class space    used 51316K, committed 53248K, reserved 1048576K
}
Event: 9101.185 GC heap before
{Heap before GC invocations=599 (full 156):
 garbage-first heap   total 690176K, used 289782K [0x0000000705800000, 0x0000000800000000)
  region size 2048K, 45 young (92160K), 9 survivors (18432K)
 Metaspace       used 560675K, committed 565056K, reserved 1572864K
  class space    used 51316K, committed 53248K, reserved 1048576K
}
Event: 9101.427 GC heap after
{Heap after GC invocations=600 (full 157):
 garbage-first heap   total 690176K, used 202003K [0x0000000705800000, 0x0000000800000000)
  region size 2048K, 0 young (0K), 0 survivors (0K)
 Metaspace       used 560656K, committed 565056K, reserved 1572864K
  class space    used 51315K, committed 53248K, reserved 1048576K
}
Event: 9116.330 GC heap before
{Heap before GC invocations=600 (full 157):
 garbage-first heap   total 690176K, used 572691K [0x0000000705800000, 0x0000000800000000)
  region size 2048K, 182 young (372736K), 0 survivors (0K)
 Metaspace       used 563264K, committed 567680K, reserved 1572864K
  class space    used 51535K, committed 53504K, reserved 1048576K
}
Event: 9116.344 GC heap after
{Heap after GC invocations=601 (full 157):
 garbage-first heap   total 690176K, used 217524K [0x0000000705800000, 0x0000000800000000)
  region size 2048K, 8 young (16384K), 8 survivors (16384K)
 Metaspace       used 563264K, committed 567680K, reserved 1572864K
  class space    used 51535K, committed 53504K, reserved 1048576K
}
Event: 9150.755 GC heap before
{Heap before GC invocations=601 (full 157):
 garbage-first heap   total 690176K, used 573876K [0x0000000705800000, 0x0000000800000000)
  region size 2048K, 182 young (372736K), 8 survivors (16384K)
 Metaspace       used 563332K, committed 567744K, reserved 1572864K
  class space    used 51541K, committed 53504K, reserved 1048576K
}
Event: 9150.768 GC heap after
{Heap after GC invocations=602 (full 157):
 garbage-first heap   total 690176K, used 217796K [0x0000000705800000, 0x0000000800000000)
  region size 2048K, 8 young (16384K), 8 survivors (16384K)
 Metaspace       used 563332K, committed 567744K, reserved 1572864K
  class space    used 51541K, committed 53504K, reserved 1048576K
}
Event: 9180.403 GC heap before
{Heap before GC invocations=602 (full 157):
 garbage-first heap   total 690176K, used 580292K [0x0000000705800000, 0x0000000800000000)
  region size 2048K, 185 young (378880K), 8 survivors (16384K)
 Metaspace       used 563332K, committed 567744K, reserved 1572864K
  class space    used 51541K, committed 53504K, reserved 1048576K
}
Event: 9180.417 GC heap after
{Heap after GC invocations=603 (full 157):
 garbage-first heap   total 690176K, used 217795K [0x0000000705800000, 0x0000000800000000)
  region size 2048K, 8 young (16384K), 8 survivors (16384K)
 Metaspace       used 563332K, committed 567744K, reserved 1572864K
  class space    used 51541K, committed 53504K, reserved 1048576K
}
Event: 9211.623 GC heap before
{Heap before GC invocations=603 (full 157):
 garbage-first heap   total 690176K, used 586435K [0x0000000705800000, 0x0000000800000000)
  region size 2048K, 188 young (385024K), 8 survivors (16384K)
 Metaspace       used 563332K, committed 567744K, reserved 1572864K
  class space    used 51541K, committed 53504K, reserved 1048576K
}
Event: 9211.637 GC heap after
{Heap after GC invocations=604 (full 157):
 garbage-first heap   total 690176K, used 218120K [0x0000000705800000, 0x0000000800000000)
  region size 2048K, 8 young (16384K), 8 survivors (16384K)
 Metaspace       used 563332K, committed 567744K, reserved 1572864K
  class space    used 51541K, committed 53504K, reserved 1048576K
}
Event: 9244.024 GC heap before
{Heap before GC invocations=604 (full 157):
 garbage-first heap   total 690176K, used 592904K [0x0000000705800000, 0x0000000800000000)
  region size 2048K, 191 young (391168K), 8 survivors (16384K)
 Metaspace       used 563332K, committed 567744K, reserved 1572864K
  class space    used 51541K, committed 53504K, reserved 1048576K
}
Event: 9244.035 GC heap after
{Heap after GC invocations=605 (full 157):
 garbage-first heap   total 690176K, used 218147K [0x0000000705800000, 0x0000000800000000)
  region size 2048K, 8 young (16384K), 8 survivors (16384K)
 Metaspace       used 563332K, committed 567744K, reserved 1572864K
  class space    used 51541K, committed 53504K, reserved 1048576K
}
Event: 9275.406 GC heap before
{Heap before GC invocations=605 (full 157):
 garbage-first heap   total 690176K, used 594979K [0x0000000705800000, 0x0000000800000000)
  region size 2048K, 192 young (393216K), 8 survivors (16384K)
 Metaspace       used 563334K, committed 567744K, reserved 1572864K
  class space    used 51541K, committed 53504K, reserved 1048576K
}
Event: 9275.425 GC heap after
{Heap after GC invocations=606 (full 157):
 garbage-first heap   total 690176K, used 218746K [0x0000000705800000, 0x0000000800000000)
  region size 2048K, 9 young (18432K), 9 survivors (18432K)
 Metaspace       used 563334K, committed 567744K, reserved 1572864K
  class space    used 51541K, committed 53504K, reserved 1048576K
}
Event: 9308.190 GC heap before
{Heap before GC invocations=606 (full 157):
 garbage-first heap   total 690176K, used 593530K [0x0000000705800000, 0x0000000800000000)
  region size 2048K, 192 young (393216K), 9 survivors (18432K)
 Metaspace       used 563334K, committed 567744K, reserved 1572864K
  class space    used 51541K, committed 53504K, reserved 1048576K
}
Event: 9308.205 GC heap after
{Heap after GC invocations=607 (full 157):
 garbage-first heap   total 690176K, used 219474K [0x0000000705800000, 0x0000000800000000)
  region size 2048K, 9 young (18432K), 9 survivors (18432K)
 Metaspace       used 563334K, committed 567744K, reserved 1572864K
  class space    used 51541K, committed 53504K, reserved 1048576K
}
Event: 9308.900 GC heap before
{Heap before GC invocations=607 (full 157):
 garbage-first heap   total 690176K, used 229714K [0x0000000705800000, 0x0000000800000000)
  region size 2048K, 15 young (30720K), 9 survivors (18432K)
 Metaspace       used 563337K, committed 567744K, reserved 1572864K
  class space    used 51541K, committed 53504K, reserved 1048576K
}
Event: 9312.615 GC heap after
{Heap after GC invocations=608 (full 158):
 garbage-first heap   total 690176K, used 204792K [0x0000000705800000, 0x0000000800000000)
  region size 2048K, 0 young (0K), 0 survivors (0K)
 Metaspace       used 563270K, committed 567744K, reserved 1572864K
  class space    used 51528K, committed 53504K, reserved 1048576K
}
Event: 9328.869 GC heap before
{Heap before GC invocations=608 (full 158):
 garbage-first heap   total 690176K, used 598008K [0x0000000705800000, 0x0000000800000000)
  region size 2048K, 193 young (395264K), 0 survivors (0K)
 Metaspace       used 565861K, committed 570240K, reserved 1572864K
  class space    used 51751K, committed 53696K, reserved 1048576K
}

Deoptimization events (20 events):
Event: 9327.250 Thread 0x000002396d0e9e30 DEOPT PACKING pc=0x000002390ff88114 sp=0x000000811a0f9790
Event: 9327.250 Thread 0x000002396d0e9e30 DEOPT UNPACKING pc=0x000002390ed766e3 sp=0x000000811a0f8c50 mode 1
Event: 9327.250 Thread 0x000002396d0e9e30 DEOPT PACKING pc=0x000002390ff88114 sp=0x000000811a0f9790
Event: 9327.250 Thread 0x000002396d0e9e30 DEOPT UNPACKING pc=0x000002390ed766e3 sp=0x000000811a0f8c50 mode 1
Event: 9327.250 Thread 0x000002396d0e9e30 DEOPT PACKING pc=0x000002390ff88114 sp=0x000000811a0f9790
Event: 9327.251 Thread 0x000002396d0e9e30 DEOPT UNPACKING pc=0x000002390ed766e3 sp=0x000000811a0f8c50 mode 1
Event: 9327.251 Thread 0x000002396d0e9e30 DEOPT PACKING pc=0x000002390ff88114 sp=0x000000811a0f9790
Event: 9327.251 Thread 0x000002396d0e9e30 DEOPT UNPACKING pc=0x000002390ed766e3 sp=0x000000811a0f8c50 mode 1
Event: 9327.251 Thread 0x000002396d0e9e30 DEOPT PACKING pc=0x000002390ff88114 sp=0x000000811a0f9790
Event: 9327.251 Thread 0x000002396d0e9e30 DEOPT UNPACKING pc=0x000002390ed766e3 sp=0x000000811a0f8c50 mode 1
Event: 9327.382 Thread 0x000002396d0e9e30 DEOPT PACKING pc=0x000002390ff88114 sp=0x000000811a0fad60
Event: 9327.382 Thread 0x000002396d0e9e30 DEOPT UNPACKING pc=0x000002390ed766e3 sp=0x000000811a0fa220 mode 1
Event: 9327.382 Thread 0x000002396d0e9e30 DEOPT PACKING pc=0x000002390ff88114 sp=0x000000811a0face0
Event: 9327.382 Thread 0x000002396d0e9e30 DEOPT UNPACKING pc=0x000002390ed766e3 sp=0x000000811a0fa1a0 mode 1
Event: 9327.383 Thread 0x000002396d0e9e30 DEOPT PACKING pc=0x000002390ff88114 sp=0x000000811a0fa980
Event: 9327.383 Thread 0x000002396d0e9e30 DEOPT UNPACKING pc=0x000002390ed766e3 sp=0x000000811a0f9e40 mode 1
Event: 9327.383 Thread 0x000002396d0e9e30 DEOPT PACKING pc=0x000002390ff88114 sp=0x000000811a0fa970
Event: 9327.383 Thread 0x000002396d0e9e30 DEOPT UNPACKING pc=0x000002390ed766e3 sp=0x000000811a0f9e30 mode 1
Event: 9327.385 Thread 0x000002396d0e9e30 DEOPT PACKING pc=0x000002390ff88114 sp=0x000000811a0f94c0
Event: 9327.385 Thread 0x000002396d0e9e30 DEOPT UNPACKING pc=0x000002390ed766e3 sp=0x000000811a0f8980 mode 1

Classes unloaded (20 events):
Event: 9309.361 Thread 0x0000023922f43890 Unloading class 0x00000239260a0c00 'jdk/internal/reflect/GeneratedMethodAccessor350'
Event: 9309.361 Thread 0x0000023922f43890 Unloading class 0x00000239260a0800 'jdk/internal/reflect/GeneratedMethodAccessor349'
Event: 9309.362 Thread 0x0000023922f43890 Unloading class 0x00000239260a0400 'jdk/internal/reflect/GeneratedMethodAccessor348'
Event: 9309.363 Thread 0x0000023922f43890 Unloading class 0x00000239260a0000 'jdk/internal/reflect/GeneratedMethodAccessor347'
Event: 9309.365 Thread 0x0000023922f43890 Unloading class 0x000002392609fc00 'jdk/internal/reflect/GeneratedMethodAccessor346'
Event: 9309.365 Thread 0x0000023922f43890 Unloading class 0x000002392609f800 'jdk/internal/reflect/GeneratedMethodAccessor345'
Event: 9309.365 Thread 0x0000023922f43890 Unloading class 0x000002392609f400 'jdk/internal/reflect/GeneratedMethodAccessor344'
Event: 9309.365 Thread 0x0000023922f43890 Unloading class 0x000002392609f000 'jdk/internal/reflect/GeneratedMethodAccessor343'
Event: 9309.366 Thread 0x0000023922f43890 Unloading class 0x000002392609ec00 'jdk/internal/reflect/GeneratedMethodAccessor342'
Event: 9309.366 Thread 0x0000023922f43890 Unloading class 0x000002392609e800 'jdk/internal/reflect/GeneratedMethodAccessor341'
Event: 9309.366 Thread 0x0000023922f43890 Unloading class 0x000002392609e400 'jdk/internal/reflect/GeneratedMethodAccessor340'
Event: 9309.366 Thread 0x0000023922f43890 Unloading class 0x000002392609e000 'jdk/internal/reflect/GeneratedMethodAccessor339'
Event: 9309.367 Thread 0x0000023922f43890 Unloading class 0x000002392609dc00 'jdk/internal/reflect/GeneratedMethodAccessor338'
Event: 9309.367 Thread 0x0000023922f43890 Unloading class 0x000002392609d800 'jdk/internal/reflect/GeneratedConstructorAccessor646'
Event: 9309.371 Thread 0x0000023922f43890 Unloading class 0x000002392609d400 'jdk/internal/reflect/GeneratedMethodAccessor337'
Event: 9309.371 Thread 0x0000023922f43890 Unloading class 0x000002392609d000 'jdk/internal/reflect/GeneratedMethodAccessor336'
Event: 9309.372 Thread 0x0000023922f43890 Unloading class 0x000002392609cc00 'jdk/internal/reflect/GeneratedMethodAccessor335'
Event: 9309.372 Thread 0x0000023922f43890 Unloading class 0x000002392609c800 'jdk/internal/reflect/GeneratedConstructorAccessor645'
Event: 9309.374 Thread 0x0000023922f43890 Unloading class 0x000002392609c400 'jdk/internal/reflect/GeneratedConstructorAccessor644'
Event: 9309.375 Thread 0x0000023922f43890 Unloading class 0x000002392609c000 'jdk/internal/reflect/GeneratedConstructorAccessor643'

Classes redefined (0 events):
No events

Internal exceptions (20 events):
Event: 9106.726 Thread 0x000002396f386b20 Exception <a 'java/io/FileNotFoundException'{0x0000000722e1ecc0}> (0x0000000722e1ecc0) 
thrown [s\open\src\hotspot\share\prims\jni.cpp, line 516]
Event: 9107.973 Thread 0x000002396f386b20 Exception <a 'sun/nio/fs/WindowsException'{0x000000071ef0b700}> (0x000000071ef0b700) 
thrown [s\open\src\hotspot\share\prims\jni.cpp, line 516]
Event: 9114.814 Thread 0x000002396d0e8f00 Exception <a 'java/lang/reflect/InvocationTargetException'{0x0000000719a9a800}> (0x0000000719a9a800) 
thrown [s\open\src\hotspot\share\runtime\reflection.cpp, line 1121]
Event: 9308.853 Thread 0x0000023969009f60 Exception <a 'java/lang/InterruptedException'{0x000000072ef25150}: sleep interrupted> (0x000000072ef25150) 
thrown [s\open\src\hotspot\share\prims\jvm.cpp, line 3064]
Event: 9313.268 Thread 0x0000023968c4f6b0 Exception <a 'sun/nio/fs/WindowsException'{0x000000072ef350a8}> (0x000000072ef350a8) 
thrown [s\open\src\hotspot\share\prims\jni.cpp, line 516]
Event: 9313.940 Thread 0x0000023968c4f6b0 Exception <a 'sun/nio/fs/WindowsException'{0x000000072eb16d30}> (0x000000072eb16d30) 
thrown [s\open\src\hotspot\share\prims\jni.cpp, line 516]
Event: 9317.716 Thread 0x0000023968c4f6b0 Exception <a 'sun/nio/fs/WindowsException'{0x000000072acd9078}> (0x000000072acd9078) 
thrown [s\open\src\hotspot\share\prims\jni.cpp, line 516]
Event: 9318.083 Thread 0x0000023968c4f6b0 Exception <a 'sun/nio/fs/WindowsException'{0x000000072a392678}> (0x000000072a392678) 
thrown [s\open\src\hotspot\share\prims\jni.cpp, line 516]
Event: 9318.423 Thread 0x0000023968c4f6b0 Exception <a 'java/lang/NoClassDefFoundError'{0x0000000729224788}: liquibase/integration/spring/SpringLiquibase> (0x0000000729224788) 
thrown [s\open\src\hotspot\share\oops\constantPool.cpp, line 837]
Event: 9318.430 Thread 0x0000023968c4f6b0 Exception <a 'java/lang/NoClassDefFoundError'{0x00000007292e9e18}: org/jooq/DSLContext> (0x00000007292e9e18) 
thrown [s\open\src\hotspot\share\oops\constantPool.cpp, line 837]
Event: 9318.431 Thread 0x0000023968c4f6b0 Exception <a 'java/lang/NoClassDefFoundError'{0x0000000729306158}: org/springframework/batch/core/repository/JobRepository> (0x0000000729306158) 
thrown [s\open\src\hotspot\share\oops\constantPool.cpp, line 837]
Event: 9318.431 Thread 0x0000023968c4f6b0 Exception <a 'java/lang/NoClassDefFoundError'{0x00000007293067a0}: org/quartz/Scheduler> (0x00000007293067a0) 
thrown [s\open\src\hotspot\share\oops\constantPool.cpp, line 837]
Event: 9318.431 Thread 0x0000023968c4f6b0 Exception <a 'java/lang/NoClassDefFoundError'{0x0000000729306e10}: org/springframework/session/jdbc/JdbcIndexedSessionRepository> (0x0000000729306e10) 
thrown [s\open\src\hotspot\share\oops\constantPool.cpp, line 837]
Event: 9318.522 Thread 0x0000023968c4f6b0 Exception <a 'sun/nio/fs/WindowsException'{0x0000000728bd6e18}> (0x0000000728bd6e18) 
thrown [s\open\src\hotspot\share\prims\jni.cpp, line 516]
Event: 9318.523 Thread 0x0000023968c4f6b0 Exception <a 'sun/nio/fs/WindowsException'{0x0000000728bd7448}> (0x0000000728bd7448) 
thrown [s\open\src\hotspot\share\prims\jni.cpp, line 516]
Event: 9318.523 Thread 0x0000023968c4f6b0 Exception <a 'sun/nio/fs/WindowsException'{0x0000000728bd79f8}> (0x0000000728bd79f8) 
thrown [s\open\src\hotspot\share\prims\jni.cpp, line 516]
Event: 9318.539 Thread 0x0000023968c4f6b0 Exception <a 'java/io/FileNotFoundException'{0x0000000728819b80}> (0x0000000728819b80) 
thrown [s\open\src\hotspot\share\prims\jni.cpp, line 516]
Event: 9319.763 Thread 0x0000023968c4f6b0 Exception <a 'sun/nio/fs/WindowsException'{0x0000000726e53d58}> (0x0000000726e53d58) 
thrown [s\open\src\hotspot\share\prims\jni.cpp, line 516]
Event: 9320.697 Thread 0x0000023968c4f6b0 Exception <a 'java/io/FileNotFoundException'{0x00000007216d98b0}> (0x00000007216d98b0) 
thrown [s\open\src\hotspot\share\prims\jni.cpp, line 516]
Event: 9321.307 Thread 0x0000023968c4f6b0 Exception <a 'sun/nio/fs/WindowsException'{0x000000071dc438b0}> (0x000000071dc438b0) 
thrown [s\open\src\hotspot\share\prims\jni.cpp, line 516]

VM Operations (20 events):
Event: 9150.795 Executing VM operation: G1CollectForAllocation done
Event: 9180.403 Executing VM operation: G1CollectForAllocation
Event: 9180.418 Executing VM operation: G1CollectForAllocation done
Event: 9211.623 Executing VM operation: G1CollectForAllocation
Event: 9211.638 Executing VM operation: G1CollectForAllocation done
Event: 9244.024 Executing VM operation: G1CollectForAllocation
Event: 9244.035 Executing VM operation: G1CollectForAllocation done
Event: 9262.158 Executing VM operation: Cleanup
Event: 9262.158 Executing VM operation: Cleanup done
Event: 9275.363 Executing VM operation: G1CollectForAllocation
Event: 9275.459 Executing VM operation: G1CollectForAllocation done
Event: 9308.175 Executing VM operation: G1CollectForAllocation
Event: 9308.222 Executing VM operation: G1CollectForAllocation done
Event: 9308.896 Executing VM operation: G1CollectFull
Event: 9312.636 Executing VM operation: G1CollectFull done
Event: 9318.683 Executing VM operation: Cleanup
Event: 9318.700 Executing VM operation: Cleanup done
Event: 9319.485 Executing VM operation: HandshakeAllThreads
Event: 9319.500 Executing VM operation: HandshakeAllThreads done
Event: 9328.867 Executing VM operation: G1CollectForAllocation

Events (20 events):
Event: 9319.088 Thread 0x000002396bd145b0 Thread added: 0x000002396bd145b0
Event: 9320.697 Thread 0x000002396d26d290 Thread added: 0x000002396d26d290
Event: 9320.697 Thread 0x000002396d26ebe0 Thread added: 0x000002396d26ebe0
Event: 9320.698 Thread 0x000002396d26f0f0 Thread added: 0x000002396d26f0f0
Event: 9322.044 Thread 0x000002396d0e7ac0 Thread added: 0x000002396d0e7ac0
Event: 9322.070 Thread 0x000002396d0e7fd0 Thread added: 0x000002396d0e7fd0
Event: 9322.070 Thread 0x000002396d0e9e30 Thread added: 0x000002396d0e9e30
Event: 9322.070 Thread 0x000002396d0e8f00 Thread added: 0x000002396d0e8f00
Event: 9322.070 Thread 0x000002396d0e9410 Thread added: 0x000002396d0e9410
Event: 9322.133 Thread 0x000002396d0ea850 Thread added: 0x000002396d0ea850
Event: 9322.133 Thread 0x00000239720a9370 Thread added: 0x00000239720a9370
Event: 9322.133 Thread 0x00000239720a9d90 Thread added: 0x00000239720a9d90
Event: 9322.133 Thread 0x000002396900bdc0 Thread added: 0x000002396900bdc0
Event: 9322.134 Thread 0x000002396900a470 Thread added: 0x000002396900a470
Event: 9322.134 Thread 0x000002396900ae90 Thread added: 0x000002396900ae90
Event: 9322.141 Thread 0x00000239735a4240 Thread added: 0x00000239735a4240
Event: 9322.141 Thread 0x00000239735a4750 Thread added: 0x00000239735a4750
Event: 9322.151 Thread 0x0000023968c4f6b0 Thread exited: 0x0000023968c4f6b0
Event: 9322.151 Thread 0x0000023968c51a20 Thread exited: 0x0000023968c51a20
Event: 9325.225 Thread 0x000002396bd145b0 Thread exited: 0x000002396bd145b0


Dynamic libraries:
0x00007ff617e30000 - 0x00007ff617e40000 	C:\Program Files\Java\jdk-17\bin\java.exe
0x00007ff819a10000 - 0x00007ff819c27000 	C:\Windows\SYSTEM32\ntdll.dll
0x00007ff818ce0000 - 0x00007ff818da4000 	C:\Windows\System32\KERNEL32.DLL
0x00007ff816d40000 - 0x00007ff8170ed000 	C:\Windows\System32\KERNELBASE.dll
0x00007ff817380000 - 0x00007ff817491000 	C:\Windows\System32\ucrtbase.dll
0x00007ffff6430000 - 0x00007ffff644b000 	C:\Program Files\Java\jdk-17\bin\VCRUNTIME140.dll
0x00007ffff1f00000 - 0x00007ffff1f19000 	C:\Program Files\Java\jdk-17\bin\jli.dll
0x00007ff818a50000 - 0x00007ff818b02000 	C:\Windows\System32\ADVAPI32.dll
0x00007ff8177f0000 - 0x00007ff817897000 	C:\Windows\System32\msvcrt.dll
0x00007ff819770000 - 0x00007ff819819000 	C:\Windows\System32\sechost.dll
0x00007ff817350000 - 0x00007ff817378000 	C:\Windows\System32\bcrypt.dll
0x00007ff817900000 - 0x00007ff817a14000 	C:\Windows\System32\RPCRT4.dll
0x00007ff8194d0000 - 0x00007ff81967e000 	C:\Windows\System32\USER32.dll
0x00007ff817600000 - 0x00007ff817626000 	C:\Windows\System32\win32u.dll
0x00007ff816050000 - 0x00007ff8162e3000 	C:\Windows\WinSxS\amd64_microsoft.windows.common-controls_6595b64144ccf1df_6.0.22621.3672_none_2713b9d173822955\COMCTL32.dll
0x00007ff819680000 - 0x00007ff8196a9000 	C:\Windows\System32\GDI32.dll
0x00007ff817630000 - 0x00007ff817749000 	C:\Windows\System32\gdi32full.dll
0x00007ff8174a0000 - 0x00007ff81753a000 	C:\Windows\System32\msvcp_win.dll
0x00007ff815e10000 - 0x00007ff815e1a000 	C:\Windows\SYSTEM32\VERSION.dll
0x00007ff819730000 - 0x00007ff819761000 	C:\Windows\System32\IMM32.DLL
0x00007ff806300000 - 0x00007ff80630c000 	C:\Program Files\Java\jdk-17\bin\vcruntime140_1.dll
0x00007fffd77c0000 - 0x00007fffd784e000 	C:\Program Files\Java\jdk-17\bin\msvcp140.dll
0x00007fff73220000 - 0x00007fff73e00000 	C:\Program Files\Java\jdk-17\bin\server\jvm.dll
0x00007ff8187d0000 - 0x00007ff8187d8000 	C:\Windows\System32\PSAPI.DLL
0x00007fffcf480000 - 0x00007fffcf489000 	C:\Windows\SYSTEM32\WSOCK32.dll
0x00007ff8101d0000 - 0x00007ff810204000 	C:\Windows\SYSTEM32\WINMM.dll
0x00007ff8196b0000 - 0x00007ff819721000 	C:\Windows\System32\WS2_32.dll
0x00007ff814e00000 - 0x00007ff814e18000 	C:\Windows\SYSTEM32\kernel.appcore.dll
0x00007ffff9770000 - 0x00007ffff977a000 	C:\Program Files\Java\jdk-17\bin\jimage.dll
0x00007ff8165a0000 - 0x00007ff8167d2000 	C:\Windows\SYSTEM32\DBGHELP.DLL
0x00007ff818280000 - 0x00007ff818608000 	C:\Windows\System32\combase.dll
0x00007ff819230000 - 0x00007ff819307000 	C:\Windows\System32\OLEAUT32.dll
0x00007ff816490000 - 0x00007ff8164c2000 	C:\Windows\SYSTEM32\dbgcore.DLL
0x00007ff8172d0000 - 0x00007ff81734b000 	C:\Windows\System32\bcryptPrimitives.dll
0x00007fffe4330000 - 0x00007fffe436b000 	C:\Program Files\Java\jdk-17\bin\jdwp.dll
0x00007fffeab30000 - 0x00007fffeab55000 	C:\Program Files\Java\jdk-17\bin\java.dll
0x00007fffcf5f0000 - 0x00007fffcf6c7000 	C:\Program Files\Java\jdk-17\bin\jsvml.dll
0x00007ff817a20000 - 0x00007ff81827f000 	C:\Windows\System32\SHELL32.dll
0x00007ff813d10000 - 0x00007ff81460c000 	C:\Windows\SYSTEM32\windows.storage.dll
0x00007ff813bd0000 - 0x00007ff813d0f000 	C:\Windows\SYSTEM32\wintypes.dll
0x00007ff8193b0000 - 0x00007ff8194a4000 	C:\Windows\System32\SHCORE.dll
0x00007ff8187e0000 - 0x00007ff81883e000 	C:\Windows\System32\shlwapi.dll
0x00007ff816c70000 - 0x00007ff816c91000 	C:\Windows\SYSTEM32\profapi.dll
0x00007ffff91f0000 - 0x00007ffff91fc000 	C:\Program Files\Java\jdk-17\bin\dt_socket.dll
0x00007ff8148b0000 - 0x00007ff8148dd000 	C:\Windows\SYSTEM32\IPHLPAPI.DLL
0x00007ff8151e0000 - 0x00007ff815249000 	C:\Windows\system32\mswsock.dll
0x00007ff8148e0000 - 0x00007ff8149d8000 	C:\Windows\SYSTEM32\DNSAPI.dll
0x00007ff818890000 - 0x00007ff818899000 	C:\Windows\System32\NSI.dll
0x00007ff80c450000 - 0x00007ff80c45a000 	C:\Windows\System32\rasadhlp.dll
0x00007ff810440000 - 0x00007ff8104c3000 	C:\Windows\System32\fwpuclnt.dll
0x00007fffeaac0000 - 0x00007fffeaad9000 	C:\Program Files\Java\jdk-17\bin\net.dll
0x00007ff811800000 - 0x00007ff811936000 	C:\Windows\SYSTEM32\WINHTTP.dll
0x00007fffea750000 - 0x00007fffea766000 	C:\Program Files\Java\jdk-17\bin\nio.dll
0x00007fffea4b0000 - 0x00007fffea4c8000 	C:\Program Files\Java\jdk-17\bin\zip.dll
0x00007ffff7e00000 - 0x00007ffff7e0a000 	C:\Program Files\Java\jdk-17\bin\management.dll
0x00007ffff5810000 - 0x00007ffff581b000 	C:\Program Files\Java\jdk-17\bin\management_ext.dll
0x00007fffeaa40000 - 0x00007fffeaa4e000 	C:\Program Files\Java\jdk-17\bin\sunmscapi.dll
0x00007ff8170f0000 - 0x00007ff817257000 	C:\Windows\System32\CRYPT32.dll
0x00007ff815ef0000 - 0x00007ff815f1e000 	C:\Windows\SYSTEM32\ncrypt.dll
0x00007ff815eb0000 - 0x00007ff815ee7000 	C:\Windows\SYSTEM32\NTASN1.dll
0x00007ff8168e0000 - 0x00007ff8168fb000 	C:\Windows\SYSTEM32\CRYPTSP.dll
0x00007ff814d60000 - 0x00007ff814d95000 	C:\Windows\system32\rsaenh.dll
0x00007ff8152f0000 - 0x00007ff815318000 	C:\Windows\SYSTEM32\USERENV.dll
0x00007ff815e00000 - 0x00007ff815e0c000 	C:\Windows\SYSTEM32\CRYPTBASE.dll
0x00007ff8117e0000 - 0x00007ff8117f9000 	C:\Windows\SYSTEM32\dhcpcsvc6.DLL
0x00007ff8117a0000 - 0x00007ff8117bf000 	C:\Windows\SYSTEM32\dhcpcsvc.DLL
0x00007fffea740000 - 0x00007fffea750000 	C:\Program Files\Java\jdk-17\bin\verify.dll
0x00007fff93d90000 - 0x00007fff93d98000 	C:\Windows\system32\wshunix.dll

dbghelp: loaded successfully - version: 4.0.5 - missing functions: none
symbol engine: initialized successfully - sym options: 0x614 - pdb path: .;C:\Program Files\Java\jdk-17\bin;C:\Windows\SYSTEM32;C:\Windows\WinSxS\amd64_microsoft.windows.common-controls_6595b64144ccf1df_6.0.22621.3672_none_2713b9d173822955;C:\Program Files\Java\jdk-17\bin\server

VM Arguments:
jvm_args: -agentlib:jdwp=transport=dt_socket,server=n,suspend=y,address=localhost:55377 -XX:+ShowCodeDetailsInExceptionMessages 
java_command: com.unig4telco.grecio.diogo.Backend.BackendApplication
java_class_path (initial): C:\practise\Backend\target\classes;C:\Users\Grecio Diogo\.m2\repository\org\springframework\boot\spring-boot-starter-web\3.3.1\spring-boot-starter-web-3.3.1.jar;C:\Users\Grecio Diogo\.m2\repository\org\springframework\boot\spring-boot-starter\3.3.1\spring-boot-starter-3.3.1.jar;C:\Users\Grecio Diogo\.m2\repository\org\springframework\boot\spring-boot-starter-logging\3.3.1\spring-boot-starter-logging-3.3.1.jar;C:\Users\Grecio Diogo\.m2\repository\ch\qos\logback\logback-classic\1.5.6\logback-classic-1.5.6.jar;C:\Users\Grecio Diogo\.m2\repository\ch\qos\logback\logback-core\1.5.6\logback-core-1.5.6.jar;C:\Users\Grecio Diogo\.m2\repository\org\apache\logging\log4j\log4j-to-slf4j\2.23.1\log4j-to-slf4j-2.23.1.jar;C:\Users\Grecio Diogo\.m2\repository\org\apache\logging\log4j\log4j-api\2.23.1\log4j-api-2.23.1.jar;C:\Users\Grecio Diogo\.m2\repository\org\slf4j\jul-to-slf4j\2.0.13\jul-to-slf4j-2.0.13.jar;C:\Users\Grecio Diogo\.m2\repository\jakarta\annotation\jakarta.annotation-api\2.1.1\jakarta.annotation-api-2.1.1.jar;C:\Users\Grecio Diogo\.m2\repository\org\yaml\snakeyaml\2.2\snakeyaml-2.2.jar;C:\Users\Grecio Diogo\.m2\repository\org\springframework\boot\spring-boot-starter-json\3.3.1\spring-boot-starter-json-3.3.1.jar;C:\Users\Grecio Diogo\.m2\repository\com\fasterxml\jackson\datatype\jackson-datatype-jdk8\2.17.1\jackson-datatype-jdk8-2.17.1.jar;C:\Users\Grecio Diogo\.m2\repository\com\fasterxml\jackson\datatype\jackson-datatype-jsr310\2.17.1\jackson-datatype-jsr310-2.17.1.jar;C:\Users\Grecio Diogo\.m2\repository\com\fasterxml\jackson\module\jackson-module-parameter-names\2.17.1\jackson-module-parameter-names-2.17.1.jar;C:\Users\Grecio Diogo\.m2\repository\org\springframework\boot\spring-boot-starter-tomcat\3.3.1\spring-boot-starter-tomcat-3.3.1.jar;C:\Users\Grecio Diogo\.m2\repository\org\apache\tomcat\embed\tomcat-embed-core\10.1.25\tomcat-embed-core-10.1.25.jar;C:\Users\Grecio Diogo\.m2\repository\org\apache\tomcat\embed\tomcat-embed-websoc
Launcher Type: SUN_STANDARD

[Global flags]
     intx CICompilerCount                          = 4                                         {product} {ergonomic}
     uint ConcGCThreads                            = 2                                         {product} {ergonomic}
     uint G1ConcRefinementThreads                  = 8                                         {product} {ergonomic}
   size_t G1HeapRegionSize                         = 2097152                                   {product} {ergonomic}
    uintx GCDrainStackTargetSize                   = 64                                        {product} {ergonomic}
   size_t InitialHeapSize                          = 264241152                                 {product} {ergonomic}
   size_t MarkStackSize                            = 4194304                                   {product} {ergonomic}
   size_t MaxHeapSize                              = 4202692608                                {product} {ergonomic}
   size_t MaxNewSize                               = 2520776704                                {product} {ergonomic}
   size_t MinHeapDeltaBytes                        = 2097152                                   {product} {ergonomic}
   size_t MinHeapSize                              = 8388608                                   {product} {ergonomic}
    uintx NonNMethodCodeHeapSize                   = 5839372                                {pd product} {ergonomic}
    uintx NonProfiledCodeHeapSize                  = 122909434                              {pd product} {ergonomic}
    uintx ProfiledCodeHeapSize                     = 122909434                              {pd product} {ergonomic}
    uintx ReservedCodeCacheSize                    = 251658240                              {pd product} {ergonomic}
     bool SegmentedCodeCache                       = true                                      {product} {ergonomic}
     bool ShowCodeDetailsInExceptionMessages       = true                                   {manageable} {command line}
   size_t SoftMaxHeapSize                          = 4202692608                             {manageable} {ergonomic}
     bool UseCompressedClassPointers               = true                           {product lp64_product} {ergonomic}
     bool UseCompressedOops                        = true                           {product lp64_product} {ergonomic}
     bool UseG1GC                                  = true                                      {product} {ergonomic}
     bool UseLargePagesIndividualAllocation        = false                                  {pd product} {ergonomic}

Logging:
Log output configuration:
 #0: stdout all=warning uptime,level,tags
 #1: stderr all=off uptime,level,tags

Environment Variables:
JAVA_HOME=C:\Program Files\Java\jdk-17
PATH=C:\Program Files\Common Files\Oracle\Java\javapath;C:\Python312\Scripts\;C:\Python312\;C:\Windows\system32;C:\Windows;C:\Windows\System32\Wbem;C:\Windows\System32\WindowsPowerShell\v1.0\;C:\Windows\System32\OpenSSH\;C:\Program Files\Git\cmd;C:\ProgramData\chocolatey\bin;C:\Users\Grecio Diogo\AppData\Roaming\nvm;C:\Program Files\nodejs;C:\Program Files\Docker\Docker\resources\bin;C:\flutter\bin;C:\Program Files\Java\jdk-17\bin;C:\xampp\php;C:\xampp\php;C:\ProgramData\ComposerSetup\bin;C:\Users\Grecio Diogo\.console-ninja\.bin;C:\Users\Grecio Diogo\AppData\Local\Microsoft\WindowsApps;C:\Users\Grecio Diogo\AppData\Local\Programs\Microsoft VS Code\bin;C:\Users\Grecio Diogo\AppData\Roaming\npm;C:\Users\Grecio Diogo\AppData\Roaming\nvm;C:\Program Files\nodejs;C:\Program Files\JetBrains\IntelliJ IDEA 2024.1.3\bin;;C:\Users\Grecio Diogo\AppData\Roaming\Composer\vendor\bin
USERNAME=Grecio Diogo
LANG=en_US.UTF-8
OS=Windows_NT
PROCESSOR_IDENTIFIER=Intel64 Family 6 Model 140 Stepping 1, GenuineIntel



---------------  S Y S T E M  ---------------

OS:
 Windows 11 , 64 bit Build 22621 (10.0.22621.3672)
OS uptime: 3 days 10:37 hours
Hyper-V role detected

CPU: total 8 (initial active 8) (4 cores per cpu, 2 threads per core) family 6 model 140 stepping 1 microcode 0xb4, cx8, cmov, fxsr, ht, mmx, 3dnowpref, sse, sse2, sse3, ssse3, sse4.1, sse4.2, popcnt, lzcnt, tsc, tscinvbit, avx, avx2, aes, erms, clmul, bmi1, bmi2, adx, avx512f, avx512dq, avx512cd, avx512bw, avx512vl, sha, fma, vzeroupper, avx512_vpopcntdq, avx512_vpclmulqdq, avx512_vaes, avx512_vnni, clflush, clflushopt, clwb, avx512_vbmi2, avx512_vbmi, hv

Memory: 4k page, system-wide physical 16026M (511M free)
TotalPageFile size 46424M (AvailPageFile size 1187M)
current process WorkingSet (physical memory assigned to process): 1308M, peak: 1574M
current process commit charge ("private bytes"): 1572M, peak: 2906M

vm_info: Java HotSpot(TM) 64-Bit Server VM (17.0.11+7-LTS-207) for windows-amd64 JRE (17.0.11+7-LTS-207), built on Mar 11 2024 19:01:50 by "mach5one" with MS VC++ 17.6 (VS2022)

END.
